{"level":"info","time":"2021-09-28T17:08:22.621+0800","linenum":"/Users/jacksie/http-theft-bank/log/log.go:71","msg":"Start to listening the incoming requests on http address: :8080","serviceName":"serviceName"}
{"level":"info","time":"2021-09-28T17:08:22.623+0800","linenum":"/Users/jacksie/http-theft-bank/log/log.go:71","msg":"Waiting for the router, retry in 1 second.","serviceName":"serviceName"}
{"level":"info","time":"2021-09-28T17:08:23.629+0800","linenum":"/Users/jacksie/http-theft-bank/log/log.go:71","msg":"Waiting for the router, retry in 1 second.","serviceName":"serviceName"}
{"level":"info","time":"2021-09-28T17:08:24.634+0800","linenum":"/Users/jacksie/http-theft-bank/log/log.go:71","msg":"Waiting for the router, retry in 1 second.","serviceName":"serviceName"}
{"level":"info","time":"2021-09-28T17:08:25.641+0800","linenum":"/Users/jacksie/http-theft-bank/log/log.go:71","msg":"Waiting for the router, retry in 1 second.","serviceName":"serviceName"}
{"level":"info","time":"2021-09-28T17:08:26.643+0800","linenum":"/Users/jacksie/http-theft-bank/log/log.go:71","msg":"Waiting for the router, retry in 1 second.","serviceName":"serviceName"}
{"level":"info","time":"2021-09-28T17:08:27.647+0800","linenum":"/Users/jacksie/http-theft-bank/log/log.go:71","msg":"Waiting for the router, retry in 1 second.","serviceName":"serviceName"}
{"level":"info","time":"2021-09-28T17:08:28.654+0800","linenum":"/Users/jacksie/http-theft-bank/log/log.go:71","msg":"Waiting for the router, retry in 1 second.","serviceName":"serviceName"}
{"level":"info","time":"2021-09-28T17:09:23.647+0800","linenum":"/Users/jacksie/http-theft-bank/log/log.go:71","msg":"Start to listening the incoming requests on http address: :8080","serviceName":"serviceName"}
{"level":"info","time":"2021-09-28T17:18:43.285+0800","linenum":"/Users/jacksie/http-theft-bank/log/log.go:71","msg":"Start to listening the incoming requests on http address: :8080","serviceName":"serviceName"}
{"level":"info","time":"2021-09-28T17:18:43.287+0800","linenum":"/Users/jacksie/http-theft-bank/log/log.go:71","msg":"The router has been deployed successfully.","serviceName":"serviceName"}
{"level":"info","time":"2021-09-29T20:06:27.131+0800","linenum":"/Users/jacksie/http-theft-bank/log/log.go:71","msg":"Start to listening the incoming requests on http address: :8080","serviceName":"serviceName"}
{"level":"info","time":"2021-09-29T20:06:27.133+0800","linenum":"/Users/jacksie/http-theft-bank/log/log.go:71","msg":"The router has been deployed successfully.","serviceName":"serviceName"}
{"level":"info","time":"2021-09-29T20:07:06.936+0800","linenum":"/Users/jacksie/http-theft-bank/log/log.go:71","msg":"OK","serviceName":"serviceName","X-Request-Id":"a08023a9-1b08-4384-8641-e4835d29d280"}
{"level":"info","time":"2021-09-29T20:07:06.937+0800","linenum":"/Users/jacksie/http-theft-bank/log/log.go:71","msg":"1.08ms        | ::1          | GET /muxi/backend/computer/examination | {code: 0, message: OK}","serviceName":"serviceName"}
{"level":"info","time":"2021-09-29T20:08:24.361+0800","linenum":"/Users/jacksie/http-theft-bank/log/log.go:71","msg":"Start to listening the incoming requests on http address: :8080","serviceName":"serviceName"}
{"level":"info","time":"2021-09-29T20:08:24.464+0800","linenum":"/Users/jacksie/http-theft-bank/log/log.go:71","msg":"The router has been deployed successfully.","serviceName":"serviceName"}
{"level":"info","time":"2021-09-29T20:08:29.265+0800","linenum":"/Users/jacksie/http-theft-bank/log/log.go:71","msg":"OK","serviceName":"serviceName","X-Request-Id":"d86a5425-b720-491c-bf65-2ef9ea096055"}
{"level":"info","time":"2021-09-29T20:08:29.265+0800","linenum":"/Users/jacksie/http-theft-bank/log/log.go:71","msg":"308µs         | ::1          | GET /muxi/backend/computer/examination | {code: 0, message: OK}","serviceName":"serviceName"}
{"level":"info","time":"2021-09-29T20:22:05.511+0800","linenum":"/Users/jacksie/http-theft-bank/log/log.go:71","msg":"Start to listening the incoming requests on http address: :8080","serviceName":"serviceName"}
{"level":"info","time":"2021-09-29T20:22:05.513+0800","linenum":"/Users/jacksie/http-theft-bank/log/log.go:71","msg":"The router has been deployed successfully.","serviceName":"serviceName"}
{"level":"info","time":"2021-09-29T20:23:22.096+0800","linenum":"/Users/jacksie/http-theft-bank/log/log.go:71","msg":"OK","serviceName":"serviceName","X-Request-Id":"7b409987-decd-4dd6-bc38-4dbcf87b6291"}
{"level":"info","time":"2021-09-29T20:23:22.097+0800","linenum":"/Users/jacksie/http-theft-bank/log/log.go:71","msg":"23.856ms      | ::1          | POST /muxi/backend/computer/examination | {code: 0, message: OK}","serviceName":"serviceName"}
{"level":"info","time":"2021-09-29T20:29:10.177+0800","linenum":"/Users/jacksie/http-theft-bank/log/log.go:71","msg":"Start to listening the incoming requests on http address: :8080","serviceName":"serviceName"}
{"level":"info","time":"2021-09-29T20:29:10.179+0800","linenum":"/Users/jacksie/http-theft-bank/log/log.go:71","msg":"The router has been deployed successfully.","serviceName":"serviceName"}
{"level":"info","time":"2021-09-29T20:29:16.129+0800","linenum":"/Users/jacksie/http-theft-bank/log/log.go:71","msg":"OK","serviceName":"serviceName","X-Request-Id":"11489cfd-67c5-4a7f-a54d-0f663a51d034"}
{"level":"info","time":"2021-09-29T20:29:16.131+0800","linenum":"/Users/jacksie/http-theft-bank/log/log.go:71","msg":"144.668ms     | ::1          | POST /muxi/backend/computer/examination | {code: 0, message: OK}","serviceName":"serviceName"}
{"level":"info","time":"2021-09-29T20:30:24.714+0800","linenum":"/Users/jacksie/http-theft-bank/log/log.go:71","msg":"Start to listening the incoming requests on http address: :8080","serviceName":"serviceName"}
{"level":"info","time":"2021-09-29T20:30:24.817+0800","linenum":"/Users/jacksie/http-theft-bank/log/log.go:71","msg":"The router has been deployed successfully.","serviceName":"serviceName"}
{"level":"info","time":"2021-09-29T20:30:28.598+0800","linenum":"/Users/jacksie/http-theft-bank/log/log.go:71","msg":"OK","serviceName":"serviceName","X-Request-Id":"6089a56c-8c16-41bc-bfe7-15db59ef6d08"}
{"level":"info","time":"2021-09-29T20:30:28.598+0800","linenum":"/Users/jacksie/http-theft-bank/log/log.go:71","msg":"41.148ms      | ::1          | POST /muxi/backend/computer/examination | {code: 0, message: OK}","serviceName":"serviceName"}
{"level":"info","time":"2021-09-29T21:04:07.036+0800","linenum":"/Users/jacksie/http-theft-bank/log/log.go:71","msg":"Start to listening the incoming requests on http address: :8080","serviceName":"serviceName"}
{"level":"info","time":"2021-09-29T21:04:07.038+0800","linenum":"/Users/jacksie/http-theft-bank/log/log.go:71","msg":"The router has been deployed successfully.","serviceName":"serviceName"}
{"level":"info","time":"2021-09-29T21:04:36.790+0800","linenum":"/Users/jacksie/http-theft-bank/log/log.go:71","msg":"OK","serviceName":"serviceName","X-Request-Id":"6d63b869-d0d0-41dc-9777-46a972c784f0"}
{"level":"info","time":"2021-09-29T21:04:36.790+0800","linenum":"/Users/jacksie/http-theft-bank/log/log.go:71","msg":"21.48ms       | ::1          | POST /muxi/backend/computer/examination | {code: 0, message: OK}","serviceName":"serviceName"}
{"level":"info","time":"2021-09-29T21:09:55.634+0800","linenum":"/Users/jacksie/http-theft-bank/log/log.go:71","msg":"Start to listening the incoming requests on http address: :8080","serviceName":"serviceName"}
{"level":"info","time":"2021-09-29T21:09:55.635+0800","linenum":"/Users/jacksie/http-theft-bank/log/log.go:71","msg":"Waiting for the router, retry in 1 second.","serviceName":"serviceName"}
{"level":"info","time":"2021-09-29T21:09:56.639+0800","linenum":"/Users/jacksie/http-theft-bank/log/log.go:71","msg":"The router has been deployed successfully.","serviceName":"serviceName"}
{"level":"info","time":"2021-09-29T21:09:59.554+0800","linenum":"/Users/jacksie/http-theft-bank/log/log.go:71","msg":"OK","serviceName":"serviceName","X-Request-Id":"531ee7bd-0678-4891-bf01-6b227a5a1342"}
{"level":"info","time":"2021-09-29T21:09:59.555+0800","linenum":"/Users/jacksie/http-theft-bank/log/log.go:71","msg":"24.849ms      | ::1          | POST /muxi/backend/computer/examination | {code: 0, message: OK}","serviceName":"serviceName"}
{"level":"info","time":"2021-09-29T21:10:12.271+0800","linenum":"/Users/jacksie/http-theft-bank/log/log.go:71","msg":"OK","serviceName":"serviceName","X-Request-Id":"207db7c6-9001-4e84-985d-1201dc7e224d"}
{"level":"info","time":"2021-09-29T21:10:12.272+0800","linenum":"/Users/jacksie/http-theft-bank/log/log.go:71","msg":"39.492ms      | ::1          | POST /muxi/backend/computer/examination | {code: 0, message: OK}","serviceName":"serviceName"}
{"level":"info","time":"2021-09-30T16:29:30.725+0800","linenum":"/Users/jacksie/http-theft-bank/log/log.go:71","msg":"Start to listening the incoming requests on http address: :8080","serviceName":"serviceName"}
{"level":"info","time":"2021-09-30T16:29:30.726+0800","linenum":"/Users/jacksie/http-theft-bank/log/log.go:71","msg":"Waiting for the router, retry in 1 second.","serviceName":"serviceName"}
{"level":"info","time":"2021-09-30T16:29:31.735+0800","linenum":"/Users/jacksie/http-theft-bank/log/log.go:71","msg":"The router has been deployed successfully.","serviceName":"serviceName"}
{"level":"info","time":"2021-09-30T16:38:12.307+0800","linenum":"/Users/jacksie/http-theft-bank/log/log.go:71","msg":"Start to listening the incoming requests on http address: :8080","serviceName":"serviceName"}
{"level":"info","time":"2021-09-30T16:38:12.309+0800","linenum":"/Users/jacksie/http-theft-bank/log/log.go:71","msg":"The router has been deployed successfully.","serviceName":"serviceName"}
{"level":"info","time":"2021-09-30T16:41:43.871+0800","linenum":"/Users/jacksie/http-theft-bank/log/log.go:71","msg":"Start to listening the incoming requests on http address: :8080","serviceName":"serviceName"}
{"level":"info","time":"2021-09-30T16:41:43.873+0800","linenum":"/Users/jacksie/http-theft-bank/log/log.go:71","msg":"The router has been deployed successfully.","serviceName":"serviceName"}
{"level":"error","time":"2021-09-30T16:41:49.244+0800","linenum":"/Users/jacksie/http-theft-bank/log/log.go:86","msg":"Error occurred while binding the request body to the struct.","serviceName":"serviceName","X-Request-Id":"895af9a3-fe11-452f-a109-70e1fa978369","cause":"fork/exec ./file/test1632991307: no such file or directory"}
{"level":"info","time":"2021-09-30T16:41:49.244+0800","linenum":"/Users/jacksie/http-theft-bank/log/log.go:71","msg":"OK","serviceName":"serviceName","X-Request-Id":"895af9a3-fe11-452f-a109-70e1fa978369"}
{"level":"error","time":"2021-09-30T16:41:49.244+0800","linenum":"/Users/jacksie/http-theft-bank/log/log.go:86","msg":"JSON unmarshal failed","serviceName":"serviceName","reason":"invalid character '{' after top-level value","detail":"response body can not unmarshal to model.Response struct, body: `{\"code\":10002,\"message\":\"Error occurred while binding the request body to the struct.: fork/exec ./file/test1632991307: no such file or directory\",\"data\":null}{\"code\":0,\"message\":\"OK\",\"data\":null}`"}
{"level":"info","time":"2021-09-30T16:41:49.244+0800","linenum":"/Users/jacksie/http-theft-bank/log/log.go:71","msg":"1.292356s     | ::1          | POST /muxi/backend/computer/examination | {code: 10001, message: invalid character '{' after top-level value}","serviceName":"serviceName"}
{"level":"info","time":"2021-09-30T16:43:15.078+0800","linenum":"/Users/jacksie/http-theft-bank/log/log.go:71","msg":"Start to listening the incoming requests on http address: :8080","serviceName":"serviceName"}
{"level":"info","time":"2021-09-30T16:43:15.079+0800","linenum":"/Users/jacksie/http-theft-bank/log/log.go:71","msg":"The router has been deployed successfully.","serviceName":"serviceName"}
{"level":"error","time":"2021-09-30T16:43:19.360+0800","linenum":"/Users/jacksie/http-theft-bank/log/log.go:86","msg":"Error occurred while binding the request body to the struct.","serviceName":"serviceName","X-Request-Id":"1f9930dc-0419-40a4-b0b4-b9d3b995dabb","cause":"fork/exec ./file/test1632991398: no such file or directory"}
{"level":"info","time":"2021-09-30T16:43:19.360+0800","linenum":"/Users/jacksie/http-theft-bank/log/log.go:71","msg":"1.106728s     | ::1          | POST /muxi/backend/computer/examination | {code: 10002, message: Error occurred while binding the request body to the struct.: fork/exec ./file/test1632991398: no such file or directory}","serviceName":"serviceName"}
{"level":"info","time":"2021-09-30T16:46:10.523+0800","linenum":"/Users/jacksie/http-theft-bank/log/log.go:71","msg":"Start to listening the incoming requests on http address: :8080","serviceName":"serviceName"}
{"level":"info","time":"2021-09-30T16:46:10.626+0800","linenum":"/Users/jacksie/http-theft-bank/log/log.go:71","msg":"The router has been deployed successfully.","serviceName":"serviceName"}
{"level":"error","time":"2021-09-30T16:46:16.247+0800","linenum":"/Users/jacksie/http-theft-bank/log/log.go:86","msg":"Error occurred while binding the request body to the struct.","serviceName":"serviceName","X-Request-Id":"f483844e-566e-4362-b8cb-8ee4a4a5bea0","cause":"fork/exec ./file/test1632991575: no such file or directory"}
{"level":"info","time":"2021-09-30T16:46:16.248+0800","linenum":"/Users/jacksie/http-theft-bank/log/log.go:71","msg":"1.084604s     | ::1          | POST /muxi/backend/computer/examination | {code: 10002, message: Error occurred while binding the request body to the struct.: fork/exec ./file/test1632991575: no such file or directory}","serviceName":"serviceName"}
{"level":"info","time":"2021-09-30T16:50:07.198+0800","linenum":"/Users/jacksie/http-theft-bank/log/log.go:71","msg":"Start to listening the incoming requests on http address: :8080","serviceName":"serviceName"}
{"level":"info","time":"2021-09-30T16:50:07.199+0800","linenum":"/Users/jacksie/http-theft-bank/log/log.go:71","msg":"Waiting for the router, retry in 1 second.","serviceName":"serviceName"}
{"level":"info","time":"2021-09-30T16:50:08.204+0800","linenum":"/Users/jacksie/http-theft-bank/log/log.go:71","msg":"The router has been deployed successfully.","serviceName":"serviceName"}
{"level":"error","time":"2021-09-30T16:50:10.119+0800","linenum":"/Users/jacksie/http-theft-bank/log/log.go:86","msg":"Error occurred while binding the request body to the struct.","serviceName":"serviceName","X-Request-Id":"b5eadc14-d0f8-47fd-9ea6-687d672afd0f","cause":"exit status 1"}
{"level":"info","time":"2021-09-30T16:50:10.119+0800","linenum":"/Users/jacksie/http-theft-bank/log/log.go:71","msg":"30.239ms      | ::1          | POST /muxi/backend/computer/examination | {code: 10002, message: Error occurred while binding the request body to the struct.: exit status 1}","serviceName":"serviceName"}
{"level":"info","time":"2021-09-30T17:04:23.291+0800","linenum":"/Users/jacksie/http-theft-bank/log/log.go:71","msg":"Start to listening the incoming requests on http address: :8080","serviceName":"serviceName"}
{"level":"info","time":"2021-09-30T17:04:23.293+0800","linenum":"/Users/jacksie/http-theft-bank/log/log.go:71","msg":"The router has been deployed successfully.","serviceName":"serviceName"}
{"level":"error","time":"2021-09-30T17:04:27.697+0800","linenum":"/Users/jacksie/http-theft-bank/log/log.go:86","msg":"Error occurred while binding the request body to the struct.","serviceName":"serviceName","X-Request-Id":"a5eafda3-82c2-4408-903d-3cb4f4277122","cause":"exit status 2"}
{"level":"info","time":"2021-09-30T17:04:27.697+0800","linenum":"/Users/jacksie/http-theft-bank/log/log.go:71","msg":"30.265ms      | ::1          | POST /muxi/backend/computer/examination | {code: 10002, message: Error occurred while binding the request body to the struct.: exit status 2}","serviceName":"serviceName"}
{"level":"info","time":"2021-09-30T17:05:51.223+0800","linenum":"/Users/jacksie/http-theft-bank/log/log.go:71","msg":"Start to listening the incoming requests on http address: :8080","serviceName":"serviceName"}
{"level":"info","time":"2021-09-30T17:05:51.225+0800","linenum":"/Users/jacksie/http-theft-bank/log/log.go:71","msg":"The router has been deployed successfully.","serviceName":"serviceName"}
{"level":"error","time":"2021-09-30T17:05:56.033+0800","linenum":"/Users/jacksie/http-theft-bank/log/log.go:86","msg":"Error occurred while binding the request body to the struct.","serviceName":"serviceName","X-Request-Id":"9cee0ba2-16a1-43dd-afb7-0a114454c901","cause":"fork/exec ./file/bin/test1632992755: no such file or directory"}
{"level":"info","time":"2021-09-30T17:05:56.034+0800","linenum":"/Users/jacksie/http-theft-bank/log/log.go:71","msg":"920.289ms     | ::1          | POST /muxi/backend/computer/examination | {code: 10002, message: Error occurred while binding the request body to the struct.: fork/exec ./file/bin/test1632992755: no such file or directory}","serviceName":"serviceName"}
{"level":"info","time":"2021-09-30T17:06:57.505+0800","linenum":"/Users/jacksie/http-theft-bank/log/log.go:71","msg":"Start to listening the incoming requests on http address: :8080","serviceName":"serviceName"}
{"level":"info","time":"2021-09-30T17:06:57.507+0800","linenum":"/Users/jacksie/http-theft-bank/log/log.go:71","msg":"The router has been deployed successfully.","serviceName":"serviceName"}
{"level":"info","time":"2021-09-30T17:07:04.477+0800","linenum":"/Users/jacksie/http-theft-bank/log/log.go:71","msg":"OK","serviceName":"serviceName","X-Request-Id":"b4441f5a-5a9c-4d92-9f08-44f36963130e"}
{"level":"info","time":"2021-09-30T17:07:04.478+0800","linenum":"/Users/jacksie/http-theft-bank/log/log.go:71","msg":"1.521844s     | ::1          | POST /muxi/backend/computer/examination | {code: 0, message: OK}","serviceName":"serviceName"}
{"level":"info","time":"2021-09-30T17:19:49.301+0800","linenum":"/Users/jacksie/http-theft-bank/log/log.go:71","msg":"Start to listening the incoming requests on http address: :8080","serviceName":"serviceName"}
{"level":"info","time":"2021-09-30T17:19:49.302+0800","linenum":"/Users/jacksie/http-theft-bank/log/log.go:71","msg":"Waiting for the router, retry in 1 second.","serviceName":"serviceName"}
{"level":"info","time":"2021-09-30T17:19:50.303+0800","linenum":"/Users/jacksie/http-theft-bank/log/log.go:71","msg":"The router has been deployed successfully.","serviceName":"serviceName"}
{"level":"info","time":"2021-09-30T17:19:57.971+0800","linenum":"/Users/jacksie/http-theft-bank/log/log.go:71","msg":"OK","serviceName":"serviceName","X-Request-Id":"5c8b87a1-c390-44e4-9e27-046dfa663969"}
{"level":"info","time":"2021-09-30T17:19:57.972+0800","linenum":"/Users/jacksie/http-theft-bank/log/log.go:71","msg":"1.942085s     | ::1          | POST /muxi/backend/computer/examination | {code: 0, message: OK}","serviceName":"serviceName"}
{"level":"info","time":"2021-09-30T17:21:47.042+0800","linenum":"/Users/jacksie/http-theft-bank/log/log.go:71","msg":"Start to listening the incoming requests on http address: :8080","serviceName":"serviceName"}
{"level":"info","time":"2021-09-30T17:21:47.044+0800","linenum":"/Users/jacksie/http-theft-bank/log/log.go:71","msg":"The router has been deployed successfully.","serviceName":"serviceName"}
{"level":"info","time":"2021-09-30T17:21:51.765+0800","linenum":"/Users/jacksie/http-theft-bank/log/log.go:71","msg":"OK","serviceName":"serviceName","X-Request-Id":"9f3a13dd-2cff-4920-9889-132267355ff6"}
{"level":"info","time":"2021-09-30T17:21:51.765+0800","linenum":"/Users/jacksie/http-theft-bank/log/log.go:71","msg":"1.284631s     | ::1          | POST /muxi/backend/computer/examination | {code: 0, message: OK}","serviceName":"serviceName"}
{"level":"info","time":"2021-09-30T17:30:27.362+0800","linenum":"/Users/jacksie/http-theft-bank/log/log.go:71","msg":"Start to listening the incoming requests on http address: :8080","serviceName":"serviceName"}
{"level":"info","time":"2021-09-30T17:30:27.364+0800","linenum":"/Users/jacksie/http-theft-bank/log/log.go:71","msg":"The router has been deployed successfully.","serviceName":"serviceName"}
{"level":"info","time":"2021-09-30T17:30:32.753+0800","linenum":"/Users/jacksie/http-theft-bank/log/log.go:71","msg":"OK","serviceName":"serviceName","X-Request-Id":"83ec5acc-68a9-4dd4-8fca-cb4429df1beb"}
{"level":"info","time":"2021-09-30T17:30:32.754+0800","linenum":"/Users/jacksie/http-theft-bank/log/log.go:71","msg":"1.588568s     | ::1          | POST /muxi/backend/computer/examination | {code: 0, message: OK}","serviceName":"serviceName"}
{"level":"info","time":"2021-09-30T17:32:36.897+0800","linenum":"/Users/jacksie/http-theft-bank/log/log.go:71","msg":"Start to listening the incoming requests on http address: :8080","serviceName":"serviceName"}
{"level":"info","time":"2021-09-30T17:32:36.898+0800","linenum":"/Users/jacksie/http-theft-bank/log/log.go:71","msg":"The router has been deployed successfully.","serviceName":"serviceName"}
{"level":"info","time":"2021-09-30T17:32:42.251+0800","linenum":"/Users/jacksie/http-theft-bank/log/log.go:71","msg":"OK","serviceName":"serviceName","X-Request-Id":"1b65cc69-39f6-4b4e-922e-3332086bb777"}
{"level":"info","time":"2021-09-30T17:32:42.251+0800","linenum":"/Users/jacksie/http-theft-bank/log/log.go:71","msg":"1.569185s     | ::1          | POST /muxi/backend/computer/examination | {code: 0, message: OK}","serviceName":"serviceName"}
{"level":"info","time":"2021-09-30T17:42:12.496+0800","linenum":"/Users/jacksie/http-theft-bank/log/log.go:71","msg":"Start to listening the incoming requests on http address: :8080","serviceName":"serviceName"}
{"level":"info","time":"2021-09-30T17:42:12.497+0800","linenum":"/Users/jacksie/http-theft-bank/log/log.go:71","msg":"The router has been deployed successfully.","serviceName":"serviceName"}
{"level":"info","time":"2021-09-30T17:42:18.570+0800","linenum":"/Users/jacksie/http-theft-bank/log/log.go:71","msg":"OK","serviceName":"serviceName","X-Request-Id":"054f0baa-39ed-4623-af19-3c38a3460b35"}
{"level":"info","time":"2021-09-30T17:42:18.570+0800","linenum":"/Users/jacksie/http-theft-bank/log/log.go:71","msg":"1.753656s     | ::1          | POST /muxi/backend/computer/examination | {code: 0, message: OK}","serviceName":"serviceName"}
{"level":"info","time":"2021-09-30T17:48:18.550+0800","linenum":"/Users/jacksie/http-theft-bank/log/log.go:71","msg":"Start to listening the incoming requests on http address: :8080","serviceName":"serviceName"}
{"level":"info","time":"2021-09-30T17:48:18.552+0800","linenum":"/Users/jacksie/http-theft-bank/log/log.go:71","msg":"The router has been deployed successfully.","serviceName":"serviceName"}
{"level":"info","time":"2021-09-30T17:48:23.264+0800","linenum":"/Users/jacksie/http-theft-bank/log/log.go:71","msg":"OK","serviceName":"serviceName","X-Request-Id":"de566303-29f0-49fa-ac23-4f0ba0a01f1d"}
{"level":"info","time":"2021-09-30T17:48:23.264+0800","linenum":"/Users/jacksie/http-theft-bank/log/log.go:71","msg":"1.619656s     | ::1          | POST /muxi/backend/computer/examination | {code: 0, message: OK}","serviceName":"serviceName"}
{"level":"info","time":"2021-09-30T17:50:07.675+0800","linenum":"/Users/jacksie/http-theft-bank/log/log.go:71","msg":"Start to listening the incoming requests on http address: :8080","serviceName":"serviceName"}
{"level":"info","time":"2021-09-30T17:50:07.677+0800","linenum":"/Users/jacksie/http-theft-bank/log/log.go:71","msg":"The router has been deployed successfully.","serviceName":"serviceName"}
{"level":"info","time":"2021-09-30T17:50:12.068+0800","linenum":"/Users/jacksie/http-theft-bank/log/log.go:71","msg":"OK","serviceName":"serviceName","X-Request-Id":"bd8267a6-84d5-4fd7-a0f1-ce90f67b1bd4"}
{"level":"info","time":"2021-09-30T17:50:12.068+0800","linenum":"/Users/jacksie/http-theft-bank/log/log.go:71","msg":"1.664032s     | ::1          | POST /muxi/backend/computer/examination | {code: 0, message: OK}","serviceName":"serviceName"}
{"level":"info","time":"2021-10-01T09:11:51.982+0800","linenum":"/Users/jacksie/http-theft-bank/log/log.go:71","msg":"Start to listening the incoming requests on http address: :8080","serviceName":"serviceName"}
{"level":"info","time":"2021-10-01T09:11:51.984+0800","linenum":"/Users/jacksie/http-theft-bank/log/log.go:71","msg":"The router has been deployed successfully.","serviceName":"serviceName"}
{"level":"info","time":"2021-10-01T09:12:04.601+0800","linenum":"/Users/jacksie/http-theft-bank/log/log.go:71","msg":"OK","serviceName":"serviceName","X-Request-Id":"b35df2ab-2efd-4a74-a8ec-0a2bac5d68a3"}
{"level":"info","time":"2021-10-01T09:12:04.602+0800","linenum":"/Users/jacksie/http-theft-bank/log/log.go:71","msg":"1.543717s     | ::1          | POST /muxi/backend/computer/examination | {code: 0, message: OK}","serviceName":"serviceName"}
{"level":"info","time":"2021-10-01T09:15:18.575+0800","linenum":"/Users/jacksie/http-theft-bank/log/log.go:71","msg":"Start to listening the incoming requests on http address: :8080","serviceName":"serviceName"}
{"level":"info","time":"2021-10-01T09:15:18.578+0800","linenum":"/Users/jacksie/http-theft-bank/log/log.go:71","msg":"The router has been deployed successfully.","serviceName":"serviceName"}
{"level":"info","time":"2021-10-01T09:15:25.452+0800","linenum":"/Users/jacksie/http-theft-bank/log/log.go:71","msg":"OK","serviceName":"serviceName","X-Request-Id":"a465d2a4-b97d-41af-92bc-a83a159af232"}
{"level":"info","time":"2021-10-01T09:15:25.454+0800","linenum":"/Users/jacksie/http-theft-bank/log/log.go:71","msg":"1.437673s     | ::1          | POST /muxi/backend/computer/examination | {code: 0, message: OK}","serviceName":"serviceName"}
{"level":"info","time":"2021-10-01T09:16:21.448+0800","linenum":"/Users/jacksie/http-theft-bank/log/log.go:71","msg":"Start to listening the incoming requests on http address: :8080","serviceName":"serviceName"}
{"level":"info","time":"2021-10-01T09:16:21.450+0800","linenum":"/Users/jacksie/http-theft-bank/log/log.go:71","msg":"The router has been deployed successfully.","serviceName":"serviceName"}
{"level":"info","time":"2021-10-01T09:16:27.931+0800","linenum":"/Users/jacksie/http-theft-bank/log/log.go:71","msg":"OK","serviceName":"serviceName","X-Request-Id":"de062900-5382-4f83-9d52-06306ebb7842"}
{"level":"info","time":"2021-10-01T09:16:27.932+0800","linenum":"/Users/jacksie/http-theft-bank/log/log.go:71","msg":"1.469661s     | ::1          | POST /muxi/backend/computer/examination | {code: 0, message: OK}","serviceName":"serviceName"}
{"level":"info","time":"2021-10-01T09:31:49.426+0800","linenum":"/Users/jacksie/http-theft-bank/log/log.go:71","msg":"Start to listening the incoming requests on http address: :8080","serviceName":"serviceName"}
{"level":"info","time":"2021-10-01T09:31:49.428+0800","linenum":"/Users/jacksie/http-theft-bank/log/log.go:71","msg":"The router has been deployed successfully.","serviceName":"serviceName"}
{"level":"info","time":"2021-10-01T09:32:04.358+0800","linenum":"/Users/jacksie/http-theft-bank/log/log.go:71","msg":"OK","serviceName":"serviceName","X-Request-Id":"23469ee5-3c6c-4ddd-a761-96c13892ca6e"}
{"level":"info","time":"2021-10-01T09:32:04.359+0800","linenum":"/Users/jacksie/http-theft-bank/log/log.go:71","msg":"1.910035s     | ::1          | POST /muxi/backend/computer/examination | {code: 0, message: OK}","serviceName":"serviceName"}
{"level":"info","time":"2021-10-01T09:44:28.515+0800","linenum":"/Users/jacksie/http-theft-bank/log/log.go:71","msg":"Start to listening the incoming requests on http address: :8080","serviceName":"serviceName"}
{"level":"info","time":"2021-10-01T09:44:28.517+0800","linenum":"/Users/jacksie/http-theft-bank/log/log.go:71","msg":"Waiting for the router, retry in 1 second.","serviceName":"serviceName"}
{"level":"info","time":"2021-10-01T09:44:29.519+0800","linenum":"/Users/jacksie/http-theft-bank/log/log.go:71","msg":"The router has been deployed successfully.","serviceName":"serviceName"}
{"level":"info","time":"2021-10-01T09:46:06.596+0800","linenum":"/Users/jacksie/http-theft-bank/log/log.go:71","msg":"Start to listening the incoming requests on http address: :8080","serviceName":"serviceName"}
{"level":"info","time":"2021-10-01T09:46:06.597+0800","linenum":"/Users/jacksie/http-theft-bank/log/log.go:71","msg":"The router has been deployed successfully.","serviceName":"serviceName"}
{"level":"info","time":"2021-10-01T09:46:18.024+0800","linenum":"/Users/jacksie/http-theft-bank/log/log.go:71","msg":"OK","serviceName":"serviceName","X-Request-Id":"807b5627-7189-4e77-8e99-d3a4252818a5"}
{"level":"info","time":"2021-10-01T09:46:18.024+0800","linenum":"/Users/jacksie/http-theft-bank/log/log.go:71","msg":"1.449296s     | ::1          | POST /muxi/backend/computer/examination | {code: 0, message: OK}","serviceName":"serviceName"}
{"level":"info","time":"2021-10-01T09:46:57.336+0800","linenum":"/Users/jacksie/http-theft-bank/log/log.go:71","msg":"Start to listening the incoming requests on http address: :8080","serviceName":"serviceName"}
{"level":"info","time":"2021-10-01T09:46:57.338+0800","linenum":"/Users/jacksie/http-theft-bank/log/log.go:71","msg":"The router has been deployed successfully.","serviceName":"serviceName"}
{"level":"info","time":"2021-10-01T09:47:01.180+0800","linenum":"/Users/jacksie/http-theft-bank/log/log.go:71","msg":"OK","serviceName":"serviceName","X-Request-Id":"b22dfe1a-8f73-4f35-b543-889fb0a04a24"}
{"level":"info","time":"2021-10-01T09:47:01.181+0800","linenum":"/Users/jacksie/http-theft-bank/log/log.go:71","msg":"1.437804s     | ::1          | POST /muxi/backend/computer/examination | {code: 0, message: OK}","serviceName":"serviceName"}
{"level":"info","time":"2021-10-01T09:49:26.848+0800","linenum":"/Users/jacksie/http-theft-bank/log/log.go:71","msg":"Start to listening the incoming requests on http address: :8080","serviceName":"serviceName"}
{"level":"info","time":"2021-10-01T09:49:26.849+0800","linenum":"/Users/jacksie/http-theft-bank/log/log.go:71","msg":"The router has been deployed successfully.","serviceName":"serviceName"}
{"level":"info","time":"2021-10-01T09:49:32.937+0800","linenum":"/Users/jacksie/http-theft-bank/log/log.go:71","msg":"OK","serviceName":"serviceName","X-Request-Id":"c1e50714-fcd7-455f-b5df-59c6db5bca16"}
{"level":"info","time":"2021-10-01T09:49:32.938+0800","linenum":"/Users/jacksie/http-theft-bank/log/log.go:71","msg":"1.560385s     | ::1          | POST /muxi/backend/computer/examination | {code: 0, message: OK}","serviceName":"serviceName"}
{"level":"info","time":"2021-10-01T09:53:25.770+0800","linenum":"/Users/jacksie/http-theft-bank/log/log.go:71","msg":"Start to listening the incoming requests on http address: :8080","serviceName":"serviceName"}
{"level":"info","time":"2021-10-01T09:53:25.771+0800","linenum":"/Users/jacksie/http-theft-bank/log/log.go:71","msg":"The router has been deployed successfully.","serviceName":"serviceName"}
{"level":"info","time":"2021-10-01T09:53:29.817+0800","linenum":"/Users/jacksie/http-theft-bank/log/log.go:71","msg":"OK","serviceName":"serviceName","X-Request-Id":"bccf74b6-e82c-496e-bb0b-b2c541f2081c"}
{"level":"info","time":"2021-10-01T09:53:29.817+0800","linenum":"/Users/jacksie/http-theft-bank/log/log.go:71","msg":"1.34744s      | ::1          | POST /muxi/backend/computer/examination | {code: 0, message: OK}","serviceName":"serviceName"}
{"level":"info","time":"2021-10-01T09:54:27.334+0800","linenum":"/Users/jacksie/http-theft-bank/log/log.go:71","msg":"Start to listening the incoming requests on http address: :8080","serviceName":"serviceName"}
{"level":"info","time":"2021-10-01T09:54:27.437+0800","linenum":"/Users/jacksie/http-theft-bank/log/log.go:71","msg":"The router has been deployed successfully.","serviceName":"serviceName"}
{"level":"info","time":"2021-10-01T09:54:31.948+0800","linenum":"/Users/jacksie/http-theft-bank/log/log.go:71","msg":"OK","serviceName":"serviceName","X-Request-Id":"46343df5-810e-4d2b-a334-39361826071f"}
{"level":"info","time":"2021-10-01T09:54:31.949+0800","linenum":"/Users/jacksie/http-theft-bank/log/log.go:71","msg":"1.579862s     | ::1          | POST /muxi/backend/computer/examination | {code: 0, message: OK}","serviceName":"serviceName"}
{"level":"info","time":"2021-10-01T10:35:04.801+0800","linenum":"/Users/jacksie/http-theft-bank/log/log.go:71","msg":"Start to listening the incoming requests on http address: :8080","serviceName":"serviceName"}
{"level":"info","time":"2021-10-01T10:35:04.905+0800","linenum":"/Users/jacksie/http-theft-bank/log/log.go:71","msg":"The router has been deployed successfully.","serviceName":"serviceName"}
{"level":"info","time":"2021-10-01T10:40:16.781+0800","linenum":"/Users/jacksie/http-theft-bank/log/log.go:71","msg":"Start to listening the incoming requests on http address: :8080","serviceName":"serviceName"}
{"level":"info","time":"2021-10-01T10:40:16.783+0800","linenum":"/Users/jacksie/http-theft-bank/log/log.go:71","msg":"The router has been deployed successfully.","serviceName":"serviceName"}
{"level":"info","time":"2021-10-01T10:40:20.006+0800","linenum":"/Users/jacksie/http-theft-bank/log/log.go:71","msg":"OK","serviceName":"serviceName","X-Request-Id":"903d4811-ac85-4a62-839d-932d71c98023"}
{"level":"info","time":"2021-10-01T10:40:20.007+0800","linenum":"/Users/jacksie/http-theft-bank/log/log.go:71","msg":"860.355ms     | ::1          | POST /muxi/backend/computer/examination | {code: 0, message: OK}","serviceName":"serviceName"}
{"level":"info","time":"2021-10-01T15:57:30.922+0800","linenum":"/home/taodei/Desktop/http-theft-bank/log/log.go:71","msg":"Start to listening the incoming requests on http address: :8080","serviceName":"serviceName"}
{"level":"info","time":"2021-10-01T15:57:30.924+0800","linenum":"/home/taodei/Desktop/http-theft-bank/log/log.go:71","msg":"The router has been deployed successfully.","serviceName":"serviceName"}
{"level":"error","time":"2021-10-01T16:03:09.858+0800","linenum":"/home/taodei/Desktop/http-theft-bank/log/log.go:86","msg":"JSON unmarshal failed","serviceName":"serviceName","reason":"invalid character 'T' looking for beginning of value","detail":"response body can not unmarshal to model.Response struct, body: `The incorrect API route.`"}
{"level":"info","time":"2021-10-01T16:03:09.858+0800","linenum":"/home/taodei/Desktop/http-theft-bank/log/log.go:71","msg":"86.369µs      | 127.0.0.1    | PUT /muxi/backend/computer/examination | {code: 10001, message: invalid character 'T' looking for beginning of value}","serviceName":"serviceName"}
{"level":"error","time":"2021-10-01T16:03:33.736+0800","linenum":"/home/taodei/Desktop/http-theft-bank/log/log.go:86","msg":"Error occurred while binding the request body to the struct.","serviceName":"serviceName","X-Request-Id":"637b5d9b-b78e-4970-a212-42df5f89049f","cause":"request Content-Type isn't multipart/form-data"}
{"level":"info","time":"2021-10-01T16:03:33.736+0800","linenum":"/home/taodei/Desktop/http-theft-bank/log/log.go:71","msg":"269.817µs     | 127.0.0.1    | POST /muxi/backend/computer/examination | {code: 10002, message: Error occurred while binding the request body to the struct.: request Content-Type isn't multipart/form-data}","serviceName":"serviceName"}
{"level":"error","time":"2021-10-01T16:05:06.219+0800","linenum":"/home/taodei/Desktop/http-theft-bank/log/log.go:86","msg":"Error occurred while binding the request body to the struct.","serviceName":"serviceName","X-Request-Id":"b82f5b59-7f8a-4392-9f60-f8a68844d8be","cause":"http: no such file"}
{"level":"info","time":"2021-10-01T16:05:06.220+0800","linenum":"/home/taodei/Desktop/http-theft-bank/log/log.go:71","msg":"715.653µs     | 127.0.0.1    | POST /muxi/backend/computer/examination | {code: 10002, message: Error occurred while binding the request body to the struct.: http: no such file}","serviceName":"serviceName"}
{"level":"error","time":"2021-10-01T16:05:59.450+0800","linenum":"/home/taodei/Desktop/http-theft-bank/log/log.go:86","msg":"Error occurred while binding the request body to the struct.","serviceName":"serviceName","X-Request-Id":"6f871327-1adb-4b09-95cf-a2da84502791","cause":"fork/exec ./file/bin/test1633075559: not a directory"}
{"level":"info","time":"2021-10-01T16:05:59.450+0800","linenum":"/home/taodei/Desktop/http-theft-bank/log/log.go:71","msg":"382.559346ms  | 127.0.0.1    | POST /muxi/backend/computer/examination | {code: 10002, message: Error occurred while binding the request body to the struct.: fork/exec ./file/bin/test1633075559: not a directory}","serviceName":"serviceName"}
{"level":"info","time":"2021-10-01T16:07:56.041+0800","linenum":"/home/taodei/Desktop/http-theft-bank/log/log.go:71","msg":"Start to listening the incoming requests on http address: :8080","serviceName":"serviceName"}
{"level":"info","time":"2021-10-01T16:07:56.042+0800","linenum":"/home/taodei/Desktop/http-theft-bank/log/log.go:71","msg":"The router has been deployed successfully.","serviceName":"serviceName"}
{"level":"error","time":"2021-10-01T16:07:57.439+0800","linenum":"/home/taodei/Desktop/http-theft-bank/log/log.go:86","msg":"JSON unmarshal failed","serviceName":"serviceName","reason":"invalid character 'T' looking for beginning of value","detail":"response body can not unmarshal to model.Response struct, body: `The incorrect API route.`"}
{"level":"info","time":"2021-10-01T16:07:57.439+0800","linenum":"/home/taodei/Desktop/http-theft-bank/log/log.go:71","msg":"70.281µs      | 127.0.0.1    | POST /muxi/backend/computer/examination | {code: 10001, message: invalid character 'T' looking for beginning of value}","serviceName":"serviceName"}
{"level":"error","time":"2021-10-01T16:08:05.306+0800","linenum":"/home/taodei/Desktop/http-theft-bank/log/log.go:86","msg":"JSON unmarshal failed","serviceName":"serviceName","reason":"invalid character 'T' looking for beginning of value","detail":"response body can not unmarshal to model.Response struct, body: `The incorrect API route.`"}
{"level":"info","time":"2021-10-01T16:08:05.306+0800","linenum":"/home/taodei/Desktop/http-theft-bank/log/log.go:71","msg":"172.149µs     | 127.0.0.1    | POST /muxi/backend/computer/examination | {code: 10001, message: invalid character 'T' looking for beginning of value}","serviceName":"serviceName"}
{"level":"info","time":"2021-10-01T16:08:37.254+0800","linenum":"/home/taodei/Desktop/http-theft-bank/log/log.go:71","msg":"Start to listening the incoming requests on http address: :8080","serviceName":"serviceName"}
{"level":"info","time":"2021-10-01T16:08:37.255+0800","linenum":"/home/taodei/Desktop/http-theft-bank/log/log.go:71","msg":"The router has been deployed successfully.","serviceName":"serviceName"}
{"level":"error","time":"2021-10-01T16:08:39.217+0800","linenum":"/home/taodei/Desktop/http-theft-bank/log/log.go:86","msg":"Error occurred while binding the request body to the struct.","serviceName":"serviceName","X-Request-Id":"c7432218-0afe-43e6-ade9-f6d61d4304e6","cause":"exit status 1"}
{"level":"info","time":"2021-10-01T16:08:39.217+0800","linenum":"/home/taodei/Desktop/http-theft-bank/log/log.go:71","msg":"327.436162ms  | 127.0.0.1    | POST /muxi/backend/computer/examination | {code: 10002, message: Error occurred while binding the request body to the struct.: exit status 1}","serviceName":"serviceName"}
{"level":"info","time":"2021-10-01T16:13:12.385+0800","linenum":"/home/taodei/Desktop/http-theft-bank/log/log.go:71","msg":"Start to listening the incoming requests on http address: :8080","serviceName":"serviceName"}
{"level":"info","time":"2021-10-01T16:13:12.386+0800","linenum":"/home/taodei/Desktop/http-theft-bank/log/log.go:71","msg":"The router has been deployed successfully.","serviceName":"serviceName"}
{"level":"info","time":"2021-10-01T16:13:15.883+0800","linenum":"/home/taodei/Desktop/http-theft-bank/log/log.go:71","msg":"OK","serviceName":"serviceName","X-Request-Id":"8f7cabc7-e9f3-458e-b3be-a26b29965547"}
{"level":"info","time":"2021-10-01T16:13:15.883+0800","linenum":"/home/taodei/Desktop/http-theft-bank/log/log.go:71","msg":"374.624086ms  | 127.0.0.1    | POST /muxi/backend/computer/examination | {code: 0, message: OK}","serviceName":"serviceName"}
{"level":"info","time":"2021-10-01T16:23:20.553+0800","linenum":"/home/taodei/Desktop/http-theft-bank/log/log.go:71","msg":"Start to listening the incoming requests on http address: :8080","serviceName":"serviceName"}
{"level":"info","time":"2021-10-01T16:23:20.554+0800","linenum":"/home/taodei/Desktop/http-theft-bank/log/log.go:71","msg":"The router has been deployed successfully.","serviceName":"serviceName"}
{"level":"info","time":"2021-10-01T16:23:22.407+0800","linenum":"/home/taodei/Desktop/http-theft-bank/log/log.go:71","msg":"OK","serviceName":"serviceName","X-Request-Id":"cad9f46c-2a31-4dcf-b563-28f8170afc96"}
{"level":"info","time":"2021-10-01T16:23:22.407+0800","linenum":"/home/taodei/Desktop/http-theft-bank/log/log.go:71","msg":"348.668912ms  | 127.0.0.1    | POST /muxi/backend/computer/examination | {code: 0, message: OK}","serviceName":"serviceName"}
{"level":"info","time":"2021-10-01T16:25:11.283+0800","linenum":"/home/taodei/Desktop/http-theft-bank/log/log.go:71","msg":"Start to listening the incoming requests on http address: :8080","serviceName":"serviceName"}
{"level":"info","time":"2021-10-01T16:25:11.283+0800","linenum":"/home/taodei/Desktop/http-theft-bank/log/log.go:71","msg":"listen tcp :8080: bind: address already in use","serviceName":"serviceName"}
{"level":"info","time":"2021-10-01T16:25:18.950+0800","linenum":"/home/taodei/Desktop/http-theft-bank/log/log.go:71","msg":"Start to listening the incoming requests on http address: :8080","serviceName":"serviceName"}
{"level":"info","time":"2021-10-01T16:25:18.951+0800","linenum":"/home/taodei/Desktop/http-theft-bank/log/log.go:71","msg":"The router has been deployed successfully.","serviceName":"serviceName"}
{"level":"info","time":"2021-10-01T16:25:20.807+0800","linenum":"/home/taodei/Desktop/http-theft-bank/log/log.go:71","msg":"OK","serviceName":"serviceName","X-Request-Id":"f31c75ae-58a2-4194-a23c-c03584df5f71"}
{"level":"info","time":"2021-10-01T16:25:20.807+0800","linenum":"/home/taodei/Desktop/http-theft-bank/log/log.go:71","msg":"303.615947ms  | 127.0.0.1    | POST /muxi/backend/computer/examination | {code: 0, message: OK}","serviceName":"serviceName"}
{"level":"info","time":"2021-10-01T16:27:34.680+0800","linenum":"/home/taodei/Desktop/http-theft-bank/log/log.go:71","msg":"Start to listening the incoming requests on http address: :8080","serviceName":"serviceName"}
{"level":"info","time":"2021-10-01T16:27:34.681+0800","linenum":"/home/taodei/Desktop/http-theft-bank/log/log.go:71","msg":"Waiting for the router, retry in 1 second.","serviceName":"serviceName"}
{"level":"info","time":"2021-10-01T16:27:35.682+0800","linenum":"/home/taodei/Desktop/http-theft-bank/log/log.go:71","msg":"The router has been deployed successfully.","serviceName":"serviceName"}
{"level":"info","time":"2021-10-01T16:27:35.788+0800","linenum":"/home/taodei/Desktop/http-theft-bank/log/log.go:71","msg":"OK","serviceName":"serviceName","X-Request-Id":"1155491b-e1b3-4680-a9cd-395eaeb1f0a6"}
{"level":"info","time":"2021-10-01T16:27:35.789+0800","linenum":"/home/taodei/Desktop/http-theft-bank/log/log.go:71","msg":"425.105025ms  | 127.0.0.1    | POST /muxi/backend/computer/examination | {code: 0, message: OK}","serviceName":"serviceName"}
{"level":"info","time":"2021-10-01T16:27:56.235+0800","linenum":"/home/taodei/Desktop/http-theft-bank/log/log.go:71","msg":"Start to listening the incoming requests on http address: :8080","serviceName":"serviceName"}
{"level":"info","time":"2021-10-01T16:27:56.236+0800","linenum":"/home/taodei/Desktop/http-theft-bank/log/log.go:71","msg":"The router has been deployed successfully.","serviceName":"serviceName"}
{"level":"info","time":"2021-10-01T16:27:57.311+0800","linenum":"/home/taodei/Desktop/http-theft-bank/log/log.go:71","msg":"OK","serviceName":"serviceName","X-Request-Id":"edd11096-89a6-4189-bc75-93d3e041ff3c"}
{"level":"info","time":"2021-10-01T16:27:57.311+0800","linenum":"/home/taodei/Desktop/http-theft-bank/log/log.go:71","msg":"447.135063ms  | 127.0.0.1    | POST /muxi/backend/computer/examination | {code: 0, message: OK}","serviceName":"serviceName"}
{"level":"info","time":"2021-10-01T16:54:36.766+0800","linenum":"/home/taodei/Desktop/http-theft-bank/log/log.go:71","msg":"Start to listening the incoming requests on http address: :8080","serviceName":"serviceName"}
{"level":"info","time":"2021-10-01T16:54:36.768+0800","linenum":"/home/taodei/Desktop/http-theft-bank/log/log.go:71","msg":"The router has been deployed successfully.","serviceName":"serviceName"}
{"level":"info","time":"2021-10-01T16:54:54.271+0800","linenum":"/home/taodei/Desktop/http-theft-bank/log/log.go:71","msg":"Start to listening the incoming requests on http address: :8080","serviceName":"serviceName"}
{"level":"info","time":"2021-10-01T16:54:54.273+0800","linenum":"/home/taodei/Desktop/http-theft-bank/log/log.go:71","msg":"The router has been deployed successfully.","serviceName":"serviceName"}
{"level":"info","time":"2021-10-01T16:54:55.638+0800","linenum":"/home/taodei/Desktop/http-theft-bank/log/log.go:71","msg":"OK","serviceName":"serviceName","X-Request-Id":"faf571d4-91d5-44a6-bb99-7023567fbfe5"}
{"level":"info","time":"2021-10-01T16:54:55.638+0800","linenum":"/home/taodei/Desktop/http-theft-bank/log/log.go:71","msg":"442.525836ms  | 127.0.0.1    | POST /muxi/backend/computer/examination | {code: 0, message: OK}","serviceName":"serviceName"}
{"level":"info","time":"2021-10-01T16:57:33.224+0800","linenum":"/home/taodei/Desktop/http-theft-bank/log/log.go:71","msg":"Start to listening the incoming requests on http address: :8080","serviceName":"serviceName"}
{"level":"info","time":"2021-10-01T16:57:33.226+0800","linenum":"/home/taodei/Desktop/http-theft-bank/log/log.go:71","msg":"The router has been deployed successfully.","serviceName":"serviceName"}
{"level":"info","time":"2021-10-01T16:57:44.088+0800","linenum":"/home/taodei/Desktop/http-theft-bank/log/log.go:71","msg":"OK","serviceName":"serviceName","X-Request-Id":"50377487-d409-4739-9841-de05dac211ee"}
{"level":"info","time":"2021-10-01T16:57:44.088+0800","linenum":"/home/taodei/Desktop/http-theft-bank/log/log.go:71","msg":"417.315371ms  | 127.0.0.1    | POST /muxi/backend/computer/examination | {code: 0, message: OK}","serviceName":"serviceName"}
{"level":"info","time":"2021-10-01T16:58:09.544+0800","linenum":"/home/taodei/Desktop/http-theft-bank/log/log.go:71","msg":"Start to listening the incoming requests on http address: :8080","serviceName":"serviceName"}
{"level":"info","time":"2021-10-01T16:58:09.544+0800","linenum":"/home/taodei/Desktop/http-theft-bank/log/log.go:71","msg":"Waiting for the router, retry in 1 second.","serviceName":"serviceName"}
{"level":"info","time":"2021-10-01T16:58:10.546+0800","linenum":"/home/taodei/Desktop/http-theft-bank/log/log.go:71","msg":"The router has been deployed successfully.","serviceName":"serviceName"}
{"level":"info","time":"2021-10-01T16:58:11.299+0800","linenum":"/home/taodei/Desktop/http-theft-bank/log/log.go:71","msg":"OK","serviceName":"serviceName","X-Request-Id":"593fe249-5cb7-4add-b3c8-70535f1bf0d7"}
{"level":"info","time":"2021-10-01T16:58:11.299+0800","linenum":"/home/taodei/Desktop/http-theft-bank/log/log.go:71","msg":"416.288323ms  | 127.0.0.1    | POST /muxi/backend/computer/examination | {code: 0, message: OK}","serviceName":"serviceName"}
{"level":"info","time":"2021-10-02T10:31:06.251+0800","linenum":"/home/taodei/Desktop/http-theft-bank/log/log.go:71","msg":"Start to listening the incoming requests on http address: :8080","serviceName":"serviceName"}
{"level":"info","time":"2021-10-02T10:31:06.252+0800","linenum":"/home/taodei/Desktop/http-theft-bank/log/log.go:71","msg":"Waiting for the router, retry in 1 second.","serviceName":"serviceName"}
{"level":"info","time":"2021-10-02T10:31:07.253+0800","linenum":"/home/taodei/Desktop/http-theft-bank/log/log.go:71","msg":"The router has been deployed successfully.","serviceName":"serviceName"}
{"level":"info","time":"2021-10-02T10:31:41.164+0800","linenum":"/home/taodei/Desktop/http-theft-bank/log/log.go:71","msg":"OK","serviceName":"serviceName","X-Request-Id":"e4ce4ff9-aa08-4357-8a38-e89eca9a4271"}
{"level":"info","time":"2021-10-02T10:31:41.164+0800","linenum":"/home/taodei/Desktop/http-theft-bank/log/log.go:71","msg":"296.004607ms  | 127.0.0.1    | POST /muxi/backend/computer/examination | {code: 0, message: OK}","serviceName":"serviceName"}
{"level":"info","time":"2021-10-02T10:39:36.915+0800","linenum":"/home/taodei/Desktop/http-theft-bank/log/log.go:71","msg":"Start to listening the incoming requests on http address: :8080","serviceName":"serviceName"}
{"level":"info","time":"2021-10-02T10:39:36.917+0800","linenum":"/home/taodei/Desktop/http-theft-bank/log/log.go:71","msg":"The router has been deployed successfully.","serviceName":"serviceName"}
{"level":"info","time":"2021-10-02T10:41:43.357+0800","linenum":"/home/taodei/Desktop/http-theft-bank/log/log.go:71","msg":"Start to listening the incoming requests on http address: :8080","serviceName":"serviceName"}
{"level":"info","time":"2021-10-02T10:41:43.358+0800","linenum":"/home/taodei/Desktop/http-theft-bank/log/log.go:71","msg":"The router has been deployed successfully.","serviceName":"serviceName"}
{"level":"info","time":"2021-10-02T10:41:45.949+0800","linenum":"/home/taodei/Desktop/http-theft-bank/log/log.go:71","msg":"OK","serviceName":"serviceName","X-Request-Id":"a37dcbc1-1aed-4b7a-8481-07fad1a168da"}
{"level":"info","time":"2021-10-02T10:41:45.949+0800","linenum":"/home/taodei/Desktop/http-theft-bank/log/log.go:71","msg":"360.023498ms  | 127.0.0.1    | POST /muxi/backend/computer/examination | {code: 0, message: OK}","serviceName":"serviceName"}
{"level":"info","time":"2021-10-02T10:42:47.457+0800","linenum":"/home/taodei/Desktop/http-theft-bank/log/log.go:71","msg":"OK","serviceName":"serviceName","X-Request-Id":"08ba7784-e8d1-47af-9d0b-e1c61c4400fc"}
{"level":"info","time":"2021-10-02T10:42:47.457+0800","linenum":"/home/taodei/Desktop/http-theft-bank/log/log.go:71","msg":"368.323235ms  | 127.0.0.1    | POST /muxi/backend/computer/examination | {code: 0, message: OK}","serviceName":"serviceName"}
{"level":"info","time":"2021-10-02T10:44:07.219+0800","linenum":"/home/taodei/Desktop/http-theft-bank/log/log.go:71","msg":"Start to listening the incoming requests on http address: :8080","serviceName":"serviceName"}
{"level":"info","time":"2021-10-02T10:44:07.220+0800","linenum":"/home/taodei/Desktop/http-theft-bank/log/log.go:71","msg":"The router has been deployed successfully.","serviceName":"serviceName"}
{"level":"info","time":"2021-10-02T10:44:08.741+0800","linenum":"/home/taodei/Desktop/http-theft-bank/log/log.go:71","msg":"OK","serviceName":"serviceName","X-Request-Id":"19cb04be-11c2-4b70-8b2f-dbe79542f14d"}
{"level":"info","time":"2021-10-02T10:44:08.742+0800","linenum":"/home/taodei/Desktop/http-theft-bank/log/log.go:71","msg":"354.564786ms  | 127.0.0.1    | POST /muxi/backend/computer/examination | {code: 0, message: OK}","serviceName":"serviceName"}
{"level":"info","time":"2021-10-02T10:44:38.249+0800","linenum":"/home/taodei/Desktop/http-theft-bank/log/log.go:71","msg":"Start to listening the incoming requests on http address: :8080","serviceName":"serviceName"}
{"level":"info","time":"2021-10-02T10:44:38.250+0800","linenum":"/home/taodei/Desktop/http-theft-bank/log/log.go:71","msg":"The router has been deployed successfully.","serviceName":"serviceName"}
{"level":"info","time":"2021-10-02T10:44:39.522+0800","linenum":"/home/taodei/Desktop/http-theft-bank/log/log.go:71","msg":"OK","serviceName":"serviceName","X-Request-Id":"e0e0cd19-6381-4387-a4ae-465381795eb0"}
{"level":"info","time":"2021-10-02T10:44:39.523+0800","linenum":"/home/taodei/Desktop/http-theft-bank/log/log.go:71","msg":"364.380353ms  | 127.0.0.1    | POST /muxi/backend/computer/examination | {code: 0, message: OK}","serviceName":"serviceName"}
{"level":"info","time":"2021-10-02T10:46:41.174+0800","linenum":"/home/taodei/Desktop/http-theft-bank/log/log.go:71","msg":"Start to listening the incoming requests on http address: :8080","serviceName":"serviceName"}
{"level":"info","time":"2021-10-02T10:46:41.175+0800","linenum":"/home/taodei/Desktop/http-theft-bank/log/log.go:71","msg":"The router has been deployed successfully.","serviceName":"serviceName"}
{"level":"info","time":"2021-10-02T10:46:42.472+0800","linenum":"/home/taodei/Desktop/http-theft-bank/log/log.go:71","msg":"OK","serviceName":"serviceName","X-Request-Id":"5fe6b8fe-abb2-4947-a066-5aab4c923732"}
{"level":"info","time":"2021-10-02T10:46:42.472+0800","linenum":"/home/taodei/Desktop/http-theft-bank/log/log.go:71","msg":"343.333069ms  | 127.0.0.1    | POST /muxi/backend/computer/examination | {code: 0, message: OK}","serviceName":"serviceName"}
{"level":"info","time":"2021-10-02T10:47:17.606+0800","linenum":"/home/taodei/Desktop/http-theft-bank/log/log.go:71","msg":"Start to listening the incoming requests on http address: :8080","serviceName":"serviceName"}
{"level":"info","time":"2021-10-02T10:47:17.606+0800","linenum":"/home/taodei/Desktop/http-theft-bank/log/log.go:71","msg":"Waiting for the router, retry in 1 second.","serviceName":"serviceName"}
{"level":"info","time":"2021-10-02T10:47:18.607+0800","linenum":"/home/taodei/Desktop/http-theft-bank/log/log.go:71","msg":"The router has been deployed successfully.","serviceName":"serviceName"}
{"level":"info","time":"2021-10-02T10:47:19.606+0800","linenum":"/home/taodei/Desktop/http-theft-bank/log/log.go:71","msg":"OK","serviceName":"serviceName","X-Request-Id":"94a139d5-7678-40c3-b758-9ea1ad73bdf5"}
{"level":"info","time":"2021-10-02T10:47:19.606+0800","linenum":"/home/taodei/Desktop/http-theft-bank/log/log.go:71","msg":"356.811536ms  | 127.0.0.1    | POST /muxi/backend/computer/examination | {code: 0, message: OK}","serviceName":"serviceName"}
{"level":"info","time":"2021-10-02T11:02:42.300+0800","linenum":"/home/taodei/Desktop/http-theft-bank/log/log.go:71","msg":"Start to listening the incoming requests on http address: :8080","serviceName":"serviceName"}
{"level":"info","time":"2021-10-02T11:02:42.301+0800","linenum":"/home/taodei/Desktop/http-theft-bank/log/log.go:71","msg":"The router has been deployed successfully.","serviceName":"serviceName"}
{"level":"info","time":"2021-10-02T11:02:43.680+0800","linenum":"/home/taodei/Desktop/http-theft-bank/log/log.go:71","msg":"OK","serviceName":"serviceName","X-Request-Id":"fc43cbbd-b1c7-4766-9d23-119ced6e9a5d"}
{"level":"info","time":"2021-10-02T11:02:43.680+0800","linenum":"/home/taodei/Desktop/http-theft-bank/log/log.go:71","msg":"403.301094ms  | 127.0.0.1    | POST /muxi/backend/computer/examination | {code: 0, message: OK}","serviceName":"serviceName"}
{"level":"info","time":"2021-10-02T11:03:09.285+0800","linenum":"/home/taodei/Desktop/http-theft-bank/log/log.go:71","msg":"Start to listening the incoming requests on http address: :8080","serviceName":"serviceName"}
{"level":"info","time":"2021-10-02T11:03:09.286+0800","linenum":"/home/taodei/Desktop/http-theft-bank/log/log.go:71","msg":"The router has been deployed successfully.","serviceName":"serviceName"}
{"level":"info","time":"2021-10-02T11:03:10.247+0800","linenum":"/home/taodei/Desktop/http-theft-bank/log/log.go:71","msg":"OK","serviceName":"serviceName","X-Request-Id":"c34a9c90-f3a1-4d3f-9ce7-2ed5d4618169"}
{"level":"info","time":"2021-10-02T11:03:10.247+0800","linenum":"/home/taodei/Desktop/http-theft-bank/log/log.go:71","msg":"405.994518ms  | 127.0.0.1    | POST /muxi/backend/computer/examination | {code: 0, message: OK}","serviceName":"serviceName"}
{"level":"info","time":"2021-10-02T11:03:32.737+0800","linenum":"/home/taodei/Desktop/http-theft-bank/log/log.go:71","msg":"Start to listening the incoming requests on http address: :8080","serviceName":"serviceName"}
{"level":"info","time":"2021-10-02T11:03:32.738+0800","linenum":"/home/taodei/Desktop/http-theft-bank/log/log.go:71","msg":"The router has been deployed successfully.","serviceName":"serviceName"}
{"level":"info","time":"2021-10-02T11:03:35.165+0800","linenum":"/home/taodei/Desktop/http-theft-bank/log/log.go:71","msg":"OK","serviceName":"serviceName","X-Request-Id":"d514476e-ca11-47c3-97cc-d105541b9a8d"}
{"level":"info","time":"2021-10-02T11:03:35.165+0800","linenum":"/home/taodei/Desktop/http-theft-bank/log/log.go:71","msg":"428.261443ms  | 127.0.0.1    | POST /muxi/backend/computer/examination | {code: 0, message: OK}","serviceName":"serviceName"}
{"level":"info","time":"2021-10-02T11:05:06.716+0800","linenum":"/home/taodei/Desktop/http-theft-bank/log/log.go:71","msg":"Start to listening the incoming requests on http address: :8080","serviceName":"serviceName"}
{"level":"info","time":"2021-10-02T11:05:06.717+0800","linenum":"/home/taodei/Desktop/http-theft-bank/log/log.go:71","msg":"The router has been deployed successfully.","serviceName":"serviceName"}
{"level":"info","time":"2021-10-02T11:05:08.335+0800","linenum":"/home/taodei/Desktop/http-theft-bank/log/log.go:71","msg":"OK","serviceName":"serviceName","X-Request-Id":"e1c815a7-9d5b-4502-a47a-27e9962383e0"}
{"level":"info","time":"2021-10-02T11:05:08.336+0800","linenum":"/home/taodei/Desktop/http-theft-bank/log/log.go:71","msg":"419.188929ms  | 127.0.0.1    | POST /muxi/backend/computer/examination | {code: 0, message: OK}","serviceName":"serviceName"}
{"level":"info","time":"2021-10-02T11:13:19.189+0800","linenum":"/home/taodei/Desktop/http-theft-bank/log/log.go:71","msg":"Start to listening the incoming requests on http address: :8080","serviceName":"serviceName"}
{"level":"info","time":"2021-10-02T11:13:19.190+0800","linenum":"/home/taodei/Desktop/http-theft-bank/log/log.go:71","msg":"The router has been deployed successfully.","serviceName":"serviceName"}
{"level":"info","time":"2021-10-02T11:13:20.903+0800","linenum":"/home/taodei/Desktop/http-theft-bank/log/log.go:71","msg":"OK","serviceName":"serviceName","X-Request-Id":"09f5398f-1c2c-4e40-832a-ee2aeafc6199"}
{"level":"info","time":"2021-10-02T11:13:20.904+0800","linenum":"/home/taodei/Desktop/http-theft-bank/log/log.go:71","msg":"309.756949ms  | 127.0.0.1    | POST /muxi/backend/computer/examination | {code: 0, message: OK}","serviceName":"serviceName"}
{"level":"info","time":"2021-10-02T11:14:25.675+0800","linenum":"/home/taodei/Desktop/http-theft-bank/log/log.go:71","msg":"Start to listening the incoming requests on http address: :8080","serviceName":"serviceName"}
{"level":"info","time":"2021-10-02T11:14:25.676+0800","linenum":"/home/taodei/Desktop/http-theft-bank/log/log.go:71","msg":"The router has been deployed successfully.","serviceName":"serviceName"}
{"level":"info","time":"2021-10-02T11:14:28.187+0800","linenum":"/home/taodei/Desktop/http-theft-bank/log/log.go:71","msg":"OK","serviceName":"serviceName","X-Request-Id":"ea5d393a-f1c4-4655-863b-723643d55760"}
{"level":"info","time":"2021-10-02T11:14:28.187+0800","linenum":"/home/taodei/Desktop/http-theft-bank/log/log.go:71","msg":"314.755221ms  | 127.0.0.1    | POST /muxi/backend/computer/examination | {code: 0, message: OK}","serviceName":"serviceName"}
{"level":"info","time":"2021-10-02T11:15:24.353+0800","linenum":"/home/taodei/Desktop/http-theft-bank/log/log.go:71","msg":"Start to listening the incoming requests on http address: :8080","serviceName":"serviceName"}
{"level":"info","time":"2021-10-02T11:15:24.354+0800","linenum":"/home/taodei/Desktop/http-theft-bank/log/log.go:71","msg":"The router has been deployed successfully.","serviceName":"serviceName"}
{"level":"info","time":"2021-10-02T11:15:25.079+0800","linenum":"/home/taodei/Desktop/http-theft-bank/log/log.go:71","msg":"OK","serviceName":"serviceName","X-Request-Id":"dc5485bb-06ec-4eaa-ad6d-1f759daf2306"}
{"level":"info","time":"2021-10-02T11:15:25.080+0800","linenum":"/home/taodei/Desktop/http-theft-bank/log/log.go:71","msg":"305.228272ms  | 127.0.0.1    | POST /muxi/backend/computer/examination | {code: 0, message: OK}","serviceName":"serviceName"}
{"level":"info","time":"2021-10-02T11:18:21.447+0800","linenum":"/home/taodei/Desktop/http-theft-bank/log/log.go:71","msg":"Start to listening the incoming requests on http address: :8080","serviceName":"serviceName"}
{"level":"info","time":"2021-10-02T11:18:21.448+0800","linenum":"/home/taodei/Desktop/http-theft-bank/log/log.go:71","msg":"Waiting for the router, retry in 1 second.","serviceName":"serviceName"}
{"level":"info","time":"2021-10-02T11:18:22.359+0800","linenum":"/home/taodei/Desktop/http-theft-bank/log/log.go:71","msg":"OK","serviceName":"serviceName","X-Request-Id":"0c750c43-464f-4f73-afa9-c3e1e91666b1"}
{"level":"info","time":"2021-10-02T11:18:22.359+0800","linenum":"/home/taodei/Desktop/http-theft-bank/log/log.go:71","msg":"344.860883ms  | 127.0.0.1    | POST /muxi/backend/computer/examination | {code: 0, message: OK}","serviceName":"serviceName"}
{"level":"info","time":"2021-10-02T11:18:22.450+0800","linenum":"/home/taodei/Desktop/http-theft-bank/log/log.go:71","msg":"The router has been deployed successfully.","serviceName":"serviceName"}
{"level":"info","time":"2021-10-02T11:19:57.221+0800","linenum":"/home/taodei/Desktop/http-theft-bank/log/log.go:71","msg":"Start to listening the incoming requests on http address: :8080","serviceName":"serviceName"}
{"level":"info","time":"2021-10-02T11:19:57.222+0800","linenum":"/home/taodei/Desktop/http-theft-bank/log/log.go:71","msg":"The router has been deployed successfully.","serviceName":"serviceName"}
{"level":"info","time":"2021-10-02T11:19:58.037+0800","linenum":"/home/taodei/Desktop/http-theft-bank/log/log.go:71","msg":"OK","serviceName":"serviceName","X-Request-Id":"2c51249b-f105-4c09-a162-5489258e7892"}
{"level":"info","time":"2021-10-02T11:19:58.038+0800","linenum":"/home/taodei/Desktop/http-theft-bank/log/log.go:71","msg":"381.418167ms  | 127.0.0.1    | POST /muxi/backend/computer/examination | {code: 0, message: OK}","serviceName":"serviceName"}
{"level":"info","time":"2021-10-02T11:22:34.945+0800","linenum":"/home/taodei/Desktop/http-theft-bank/log/log.go:71","msg":"Start to listening the incoming requests on http address: :8080","serviceName":"serviceName"}
{"level":"info","time":"2021-10-02T11:22:34.946+0800","linenum":"/home/taodei/Desktop/http-theft-bank/log/log.go:71","msg":"The router has been deployed successfully.","serviceName":"serviceName"}
{"level":"info","time":"2021-10-02T11:22:38.555+0800","linenum":"/home/taodei/Desktop/http-theft-bank/log/log.go:71","msg":"OK","serviceName":"serviceName","X-Request-Id":"974fbadd-2553-4e88-a7e6-5af3e3e5aa91"}
{"level":"info","time":"2021-10-02T11:22:38.555+0800","linenum":"/home/taodei/Desktop/http-theft-bank/log/log.go:71","msg":"351.732944ms  | 127.0.0.1    | POST /muxi/backend/computer/examination | {code: 0, message: OK}","serviceName":"serviceName"}
{"level":"info","time":"2021-10-02T11:29:18.357+0800","linenum":"/home/taodei/Desktop/http-theft-bank/log/log.go:71","msg":"Start to listening the incoming requests on http address: :8080","serviceName":"serviceName"}
{"level":"info","time":"2021-10-02T11:29:18.359+0800","linenum":"/home/taodei/Desktop/http-theft-bank/log/log.go:71","msg":"The router has been deployed successfully.","serviceName":"serviceName"}
{"level":"info","time":"2021-10-02T11:29:19.387+0800","linenum":"/home/taodei/Desktop/http-theft-bank/log/log.go:71","msg":"OK","serviceName":"serviceName","X-Request-Id":"457b7abd-dc20-41a1-8a9a-19ded8a617b5"}
{"level":"info","time":"2021-10-02T11:29:19.388+0800","linenum":"/home/taodei/Desktop/http-theft-bank/log/log.go:71","msg":"407.063446ms  | 127.0.0.1    | POST /muxi/backend/computer/examination | {code: 0, message: OK}","serviceName":"serviceName"}
{"level":"info","time":"2021-10-02T11:29:55.126+0800","linenum":"/home/taodei/Desktop/http-theft-bank/log/log.go:71","msg":"Start to listening the incoming requests on http address: :8080","serviceName":"serviceName"}
{"level":"info","time":"2021-10-02T11:29:55.128+0800","linenum":"/home/taodei/Desktop/http-theft-bank/log/log.go:71","msg":"The router has been deployed successfully.","serviceName":"serviceName"}
{"level":"info","time":"2021-10-02T11:29:56.177+0800","linenum":"/home/taodei/Desktop/http-theft-bank/log/log.go:71","msg":"OK","serviceName":"serviceName","X-Request-Id":"962eb241-a7a1-44e6-9606-a2db9341a0ca"}
{"level":"info","time":"2021-10-02T11:29:56.177+0800","linenum":"/home/taodei/Desktop/http-theft-bank/log/log.go:71","msg":"450.527834ms  | 127.0.0.1    | POST /muxi/backend/computer/examination | {code: 0, message: OK}","serviceName":"serviceName"}
{"level":"info","time":"2021-10-02T11:31:23.281+0800","linenum":"/home/taodei/Desktop/http-theft-bank/log/log.go:71","msg":"Start to listening the incoming requests on http address: :8080","serviceName":"serviceName"}
{"level":"info","time":"2021-10-02T11:31:23.282+0800","linenum":"/home/taodei/Desktop/http-theft-bank/log/log.go:71","msg":"The router has been deployed successfully.","serviceName":"serviceName"}
{"level":"info","time":"2021-10-02T11:31:24.566+0800","linenum":"/home/taodei/Desktop/http-theft-bank/log/log.go:71","msg":"OK","serviceName":"serviceName","X-Request-Id":"5fe2e293-cc36-4b68-893a-3d8403f46c09"}
{"level":"info","time":"2021-10-02T11:31:24.567+0800","linenum":"/home/taodei/Desktop/http-theft-bank/log/log.go:71","msg":"420.291264ms  | 127.0.0.1    | POST /muxi/backend/computer/examination | {code: 0, message: OK}","serviceName":"serviceName"}
{"level":"info","time":"2021-10-02T11:33:12.504+0800","linenum":"/home/taodei/Desktop/http-theft-bank/log/log.go:71","msg":"Start to listening the incoming requests on http address: :8080","serviceName":"serviceName"}
{"level":"info","time":"2021-10-02T11:33:12.506+0800","linenum":"/home/taodei/Desktop/http-theft-bank/log/log.go:71","msg":"The router has been deployed successfully.","serviceName":"serviceName"}
{"level":"info","time":"2021-10-02T11:33:14.268+0800","linenum":"/home/taodei/Desktop/http-theft-bank/log/log.go:71","msg":"OK","serviceName":"serviceName","X-Request-Id":"a06d8fb9-03d7-4000-bac9-a6930fdd6318"}
{"level":"info","time":"2021-10-02T11:33:14.269+0800","linenum":"/home/taodei/Desktop/http-theft-bank/log/log.go:71","msg":"416.400589ms  | 127.0.0.1    | POST /muxi/backend/computer/examination | {code: 0, message: OK}","serviceName":"serviceName"}
{"level":"info","time":"2021-10-02T11:35:48.006+0800","linenum":"/home/taodei/Desktop/http-theft-bank/log/log.go:71","msg":"Start to listening the incoming requests on http address: :8080","serviceName":"serviceName"}
{"level":"info","time":"2021-10-02T11:35:48.007+0800","linenum":"/home/taodei/Desktop/http-theft-bank/log/log.go:71","msg":"The router has been deployed successfully.","serviceName":"serviceName"}
{"level":"info","time":"2021-10-02T11:35:48.781+0800","linenum":"/home/taodei/Desktop/http-theft-bank/log/log.go:71","msg":"OK","serviceName":"serviceName","X-Request-Id":"1e43c4ea-0d44-4d62-8e4f-3cd9af848e9a"}
{"level":"info","time":"2021-10-02T11:35:48.781+0800","linenum":"/home/taodei/Desktop/http-theft-bank/log/log.go:71","msg":"453.796594ms  | 127.0.0.1    | POST /muxi/backend/computer/examination | {code: 0, message: OK}","serviceName":"serviceName"}
{"level":"info","time":"2021-10-02T11:36:16.848+0800","linenum":"/home/taodei/Desktop/http-theft-bank/log/log.go:71","msg":"Start to listening the incoming requests on http address: :8080","serviceName":"serviceName"}
{"level":"info","time":"2021-10-02T11:36:16.850+0800","linenum":"/home/taodei/Desktop/http-theft-bank/log/log.go:71","msg":"The router has been deployed successfully.","serviceName":"serviceName"}
{"level":"info","time":"2021-10-02T11:36:18.006+0800","linenum":"/home/taodei/Desktop/http-theft-bank/log/log.go:71","msg":"OK","serviceName":"serviceName","X-Request-Id":"9700c28c-53cd-4b97-9272-427e0df30abc"}
{"level":"info","time":"2021-10-02T11:36:18.006+0800","linenum":"/home/taodei/Desktop/http-theft-bank/log/log.go:71","msg":"403.314377ms  | 127.0.0.1    | POST /muxi/backend/computer/examination | {code: 0, message: OK}","serviceName":"serviceName"}
{"level":"info","time":"2021-10-02T11:45:53.030+0800","linenum":"/home/taodei/Desktop/http-theft-bank/log/log.go:71","msg":"Start to listening the incoming requests on http address: :8080","serviceName":"serviceName"}
{"level":"info","time":"2021-10-02T11:45:53.032+0800","linenum":"/home/taodei/Desktop/http-theft-bank/log/log.go:71","msg":"The router has been deployed successfully.","serviceName":"serviceName"}
{"level":"info","time":"2021-10-02T11:45:55.470+0800","linenum":"/home/taodei/Desktop/http-theft-bank/log/log.go:71","msg":"OK","serviceName":"serviceName","X-Request-Id":"e74ade67-e3de-45dd-82b2-39b6e36a8a9a"}
{"level":"info","time":"2021-10-02T11:45:55.470+0800","linenum":"/home/taodei/Desktop/http-theft-bank/log/log.go:71","msg":"459.314537ms  | 127.0.0.1    | POST /muxi/backend/computer/examination | {code: 0, message: OK}","serviceName":"serviceName"}
{"level":"info","time":"2021-10-02T11:46:43.964+0800","linenum":"/home/taodei/Desktop/http-theft-bank/log/log.go:71","msg":"Start to listening the incoming requests on http address: :8080","serviceName":"serviceName"}
{"level":"info","time":"2021-10-02T11:46:43.965+0800","linenum":"/home/taodei/Desktop/http-theft-bank/log/log.go:71","msg":"The router has been deployed successfully.","serviceName":"serviceName"}
{"level":"info","time":"2021-10-02T11:46:45.331+0800","linenum":"/home/taodei/Desktop/http-theft-bank/log/log.go:71","msg":"OK","serviceName":"serviceName","X-Request-Id":"11443076-2415-457e-a755-5d23997f3317"}
{"level":"info","time":"2021-10-02T11:46:45.332+0800","linenum":"/home/taodei/Desktop/http-theft-bank/log/log.go:71","msg":"450.754492ms  | 127.0.0.1    | POST /muxi/backend/computer/examination | {code: 0, message: OK}","serviceName":"serviceName"}
{"level":"info","time":"2021-10-02T11:52:38.994+0800","linenum":"/home/taodei/Desktop/http-theft-bank/log/log.go:71","msg":"Start to listening the incoming requests on http address: :8080","serviceName":"serviceName"}
{"level":"info","time":"2021-10-02T11:52:38.996+0800","linenum":"/home/taodei/Desktop/http-theft-bank/log/log.go:71","msg":"The router has been deployed successfully.","serviceName":"serviceName"}
{"level":"info","time":"2021-10-02T11:52:40.051+0800","linenum":"/home/taodei/Desktop/http-theft-bank/log/log.go:71","msg":"OK","serviceName":"serviceName","X-Request-Id":"902028ea-8d81-4793-8505-c7bcfadb6c9c"}
{"level":"info","time":"2021-10-02T11:52:40.051+0800","linenum":"/home/taodei/Desktop/http-theft-bank/log/log.go:71","msg":"436.436568ms  | 127.0.0.1    | POST /muxi/backend/computer/examination | {code: 0, message: OK}","serviceName":"serviceName"}
{"level":"info","time":"2021-10-02T11:54:33.687+0800","linenum":"/home/taodei/Desktop/http-theft-bank/log/log.go:71","msg":"Start to listening the incoming requests on http address: :8080","serviceName":"serviceName"}
{"level":"info","time":"2021-10-02T11:54:33.688+0800","linenum":"/home/taodei/Desktop/http-theft-bank/log/log.go:71","msg":"The router has been deployed successfully.","serviceName":"serviceName"}
{"level":"info","time":"2021-10-02T11:54:35.184+0800","linenum":"/home/taodei/Desktop/http-theft-bank/log/log.go:71","msg":"OK","serviceName":"serviceName","X-Request-Id":"4b3c90a8-9c23-46d1-bbd2-976fcf54592b"}
{"level":"info","time":"2021-10-02T11:54:35.184+0800","linenum":"/home/taodei/Desktop/http-theft-bank/log/log.go:71","msg":"424.601836ms  | 127.0.0.1    | POST /muxi/backend/computer/examination | {code: 0, message: OK}","serviceName":"serviceName"}
{"level":"info","time":"2021-10-02T11:55:52.951+0800","linenum":"/home/taodei/Desktop/http-theft-bank/log/log.go:71","msg":"Start to listening the incoming requests on http address: :8080","serviceName":"serviceName"}
{"level":"info","time":"2021-10-02T11:55:52.952+0800","linenum":"/home/taodei/Desktop/http-theft-bank/log/log.go:71","msg":"Waiting for the router, retry in 1 second.","serviceName":"serviceName"}
{"level":"info","time":"2021-10-02T11:55:53.954+0800","linenum":"/home/taodei/Desktop/http-theft-bank/log/log.go:71","msg":"The router has been deployed successfully.","serviceName":"serviceName"}
{"level":"info","time":"2021-10-02T11:55:54.407+0800","linenum":"/home/taodei/Desktop/http-theft-bank/log/log.go:71","msg":"OK","serviceName":"serviceName","X-Request-Id":"67f9ad2a-114d-4a74-90b7-730ba445631d"}
{"level":"info","time":"2021-10-02T11:55:54.408+0800","linenum":"/home/taodei/Desktop/http-theft-bank/log/log.go:71","msg":"457.696636ms  | 127.0.0.1    | POST /muxi/backend/computer/examination | {code: 0, message: OK}","serviceName":"serviceName"}
{"level":"info","time":"2021-10-02T11:56:07.418+0800","linenum":"/home/taodei/Desktop/http-theft-bank/log/log.go:71","msg":"Start to listening the incoming requests on http address: :8080","serviceName":"serviceName"}
{"level":"info","time":"2021-10-02T11:56:07.419+0800","linenum":"/home/taodei/Desktop/http-theft-bank/log/log.go:71","msg":"The router has been deployed successfully.","serviceName":"serviceName"}
{"level":"info","time":"2021-10-02T11:56:08.411+0800","linenum":"/home/taodei/Desktop/http-theft-bank/log/log.go:71","msg":"OK","serviceName":"serviceName","X-Request-Id":"54368441-ab8d-4db5-b3b4-9d9cd1da3582"}
{"level":"info","time":"2021-10-02T11:56:08.412+0800","linenum":"/home/taodei/Desktop/http-theft-bank/log/log.go:71","msg":"421.165592ms  | 127.0.0.1    | POST /muxi/backend/computer/examination | {code: 0, message: OK}","serviceName":"serviceName"}
{"level":"info","time":"2021-10-02T11:56:53.647+0800","linenum":"/home/taodei/Desktop/http-theft-bank/log/log.go:71","msg":"Start to listening the incoming requests on http address: :8080","serviceName":"serviceName"}
{"level":"info","time":"2021-10-02T11:56:53.648+0800","linenum":"/home/taodei/Desktop/http-theft-bank/log/log.go:71","msg":"The router has been deployed successfully.","serviceName":"serviceName"}
{"level":"info","time":"2021-10-02T11:56:57.070+0800","linenum":"/home/taodei/Desktop/http-theft-bank/log/log.go:71","msg":"OK","serviceName":"serviceName","X-Request-Id":"c8daae58-4ee9-4f4a-8334-6bec687bdcb9"}
{"level":"info","time":"2021-10-02T11:56:57.070+0800","linenum":"/home/taodei/Desktop/http-theft-bank/log/log.go:71","msg":"443.715184ms  | 127.0.0.1    | POST /muxi/backend/computer/examination | {code: 0, message: OK}","serviceName":"serviceName"}
{"level":"info","time":"2021-10-02T11:58:49.073+0800","linenum":"/home/taodei/Desktop/http-theft-bank/log/log.go:71","msg":"Start to listening the incoming requests on http address: :8080","serviceName":"serviceName"}
{"level":"info","time":"2021-10-02T11:58:49.074+0800","linenum":"/home/taodei/Desktop/http-theft-bank/log/log.go:71","msg":"Waiting for the router, retry in 1 second.","serviceName":"serviceName"}
{"level":"info","time":"2021-10-02T11:58:50.076+0800","linenum":"/home/taodei/Desktop/http-theft-bank/log/log.go:71","msg":"The router has been deployed successfully.","serviceName":"serviceName"}
{"level":"info","time":"2021-10-02T11:58:50.405+0800","linenum":"/home/taodei/Desktop/http-theft-bank/log/log.go:71","msg":"OK","serviceName":"serviceName","X-Request-Id":"e0ea659b-3e46-4425-a448-906eda9edd55"}
{"level":"info","time":"2021-10-02T11:58:50.405+0800","linenum":"/home/taodei/Desktop/http-theft-bank/log/log.go:71","msg":"441.106251ms  | 127.0.0.1    | POST /muxi/backend/computer/examination | {code: 0, message: OK}","serviceName":"serviceName"}
{"level":"info","time":"2021-10-02T11:59:46.728+0800","linenum":"/home/taodei/Desktop/http-theft-bank/log/log.go:71","msg":"Start to listening the incoming requests on http address: :8080","serviceName":"serviceName"}
{"level":"info","time":"2021-10-02T11:59:46.730+0800","linenum":"/home/taodei/Desktop/http-theft-bank/log/log.go:71","msg":"The router has been deployed successfully.","serviceName":"serviceName"}
{"level":"info","time":"2021-10-02T11:59:49.522+0800","linenum":"/home/taodei/Desktop/http-theft-bank/log/log.go:71","msg":"OK","serviceName":"serviceName","X-Request-Id":"f1f7eef2-82c1-4909-877a-035e3beb2157"}
{"level":"info","time":"2021-10-02T11:59:49.522+0800","linenum":"/home/taodei/Desktop/http-theft-bank/log/log.go:71","msg":"440.525421ms  | 127.0.0.1    | POST /muxi/backend/computer/examination | {code: 0, message: OK}","serviceName":"serviceName"}
{"level":"info","time":"2021-10-02T12:00:27.626+0800","linenum":"/home/taodei/Desktop/http-theft-bank/log/log.go:71","msg":"Start to listening the incoming requests on http address: :8080","serviceName":"serviceName"}
{"level":"info","time":"2021-10-02T12:00:27.627+0800","linenum":"/home/taodei/Desktop/http-theft-bank/log/log.go:71","msg":"The router has been deployed successfully.","serviceName":"serviceName"}
{"level":"info","time":"2021-10-02T12:00:28.483+0800","linenum":"/home/taodei/Desktop/http-theft-bank/log/log.go:71","msg":"OK","serviceName":"serviceName","X-Request-Id":"0fda210e-3e8c-47f9-843c-ab845b963975"}
{"level":"info","time":"2021-10-02T12:00:28.483+0800","linenum":"/home/taodei/Desktop/http-theft-bank/log/log.go:71","msg":"462.606578ms  | 127.0.0.1    | POST /muxi/backend/computer/examination | {code: 0, message: OK}","serviceName":"serviceName"}
{"level":"info","time":"2021-10-02T12:02:38.275+0800","linenum":"/home/taodei/Desktop/http-theft-bank/log/log.go:71","msg":"Start to listening the incoming requests on http address: :8080","serviceName":"serviceName"}
{"level":"info","time":"2021-10-02T12:02:38.276+0800","linenum":"/home/taodei/Desktop/http-theft-bank/log/log.go:71","msg":"The router has been deployed successfully.","serviceName":"serviceName"}
{"level":"info","time":"2021-10-02T12:02:38.971+0800","linenum":"/home/taodei/Desktop/http-theft-bank/log/log.go:71","msg":"OK","serviceName":"serviceName","X-Request-Id":"d4da046d-e1b3-437a-a7fd-5f3e6d2a1d28"}
{"level":"info","time":"2021-10-02T12:02:38.971+0800","linenum":"/home/taodei/Desktop/http-theft-bank/log/log.go:71","msg":"421.030729ms  | 127.0.0.1    | POST /muxi/backend/computer/examination | {code: 0, message: OK}","serviceName":"serviceName"}
{"level":"info","time":"2021-10-02T12:03:30.108+0800","linenum":"/home/taodei/Desktop/http-theft-bank/log/log.go:71","msg":"Start to listening the incoming requests on http address: :8080","serviceName":"serviceName"}
{"level":"info","time":"2021-10-02T12:03:30.109+0800","linenum":"/home/taodei/Desktop/http-theft-bank/log/log.go:71","msg":"The router has been deployed successfully.","serviceName":"serviceName"}
{"level":"info","time":"2021-10-02T12:03:31.114+0800","linenum":"/home/taodei/Desktop/http-theft-bank/log/log.go:71","msg":"OK","serviceName":"serviceName","X-Request-Id":"e85632fb-fcdf-455b-9c61-3fd29dbf44df"}
{"level":"info","time":"2021-10-02T12:03:31.114+0800","linenum":"/home/taodei/Desktop/http-theft-bank/log/log.go:71","msg":"442.854578ms  | 127.0.0.1    | POST /muxi/backend/computer/examination | {code: 0, message: OK}","serviceName":"serviceName"}
{"level":"info","time":"2021-10-02T12:08:48.582+0800","linenum":"/home/taodei/Desktop/http-theft-bank/log/log.go:71","msg":"Start to listening the incoming requests on http address: :8080","serviceName":"serviceName"}
{"level":"info","time":"2021-10-02T12:08:48.583+0800","linenum":"/home/taodei/Desktop/http-theft-bank/log/log.go:71","msg":"The router has been deployed successfully.","serviceName":"serviceName"}
{"level":"info","time":"2021-10-02T12:08:53.025+0800","linenum":"/home/taodei/Desktop/http-theft-bank/log/log.go:71","msg":"OK","serviceName":"serviceName","X-Request-Id":"a39a4318-a374-4e4b-955c-b2344d192981"}
{"level":"info","time":"2021-10-02T12:08:53.025+0800","linenum":"/home/taodei/Desktop/http-theft-bank/log/log.go:71","msg":"303.791189ms  | 127.0.0.1    | POST /muxi/backend/computer/examination | {code: 0, message: OK}","serviceName":"serviceName"}
{"level":"info","time":"2021-10-02T12:10:48.978+0800","linenum":"/home/taodei/Desktop/http-theft-bank/log/log.go:71","msg":"Start to listening the incoming requests on http address: :8080","serviceName":"serviceName"}
{"level":"info","time":"2021-10-02T12:10:48.978+0800","linenum":"/home/taodei/Desktop/http-theft-bank/log/log.go:71","msg":"listen tcp :8080: bind: address already in use","serviceName":"serviceName"}
{"level":"info","time":"2021-10-02T12:10:54.644+0800","linenum":"/home/taodei/Desktop/http-theft-bank/log/log.go:71","msg":"Start to listening the incoming requests on http address: :8080","serviceName":"serviceName"}
{"level":"info","time":"2021-10-02T12:10:54.645+0800","linenum":"/home/taodei/Desktop/http-theft-bank/log/log.go:71","msg":"The router has been deployed successfully.","serviceName":"serviceName"}
{"level":"info","time":"2021-10-02T12:10:55.598+0800","linenum":"/home/taodei/Desktop/http-theft-bank/log/log.go:71","msg":"OK","serviceName":"serviceName","X-Request-Id":"d06fc078-3b75-4cd4-a064-e1e84c917f32"}
{"level":"info","time":"2021-10-02T12:10:55.599+0800","linenum":"/home/taodei/Desktop/http-theft-bank/log/log.go:71","msg":"305.844784ms  | 127.0.0.1    | POST /muxi/backend/computer/examination | {code: 0, message: OK}","serviceName":"serviceName"}
{"level":"info","time":"2021-10-02T12:12:41.340+0800","linenum":"/home/taodei/Desktop/http-theft-bank/log/log.go:71","msg":"Start to listening the incoming requests on http address: :8080","serviceName":"serviceName"}
{"level":"info","time":"2021-10-02T12:12:41.340+0800","linenum":"/home/taodei/Desktop/http-theft-bank/log/log.go:71","msg":"Waiting for the router, retry in 1 second.","serviceName":"serviceName"}
{"level":"info","time":"2021-10-02T12:12:42.342+0800","linenum":"/home/taodei/Desktop/http-theft-bank/log/log.go:71","msg":"The router has been deployed successfully.","serviceName":"serviceName"}
{"level":"info","time":"2021-10-02T12:12:54.495+0800","linenum":"/home/taodei/Desktop/http-theft-bank/log/log.go:71","msg":"Start to listening the incoming requests on http address: :8080","serviceName":"serviceName"}
{"level":"info","time":"2021-10-02T12:12:54.496+0800","linenum":"/home/taodei/Desktop/http-theft-bank/log/log.go:71","msg":"The router has been deployed successfully.","serviceName":"serviceName"}
{"level":"info","time":"2021-10-02T12:12:55.659+0800","linenum":"/home/taodei/Desktop/http-theft-bank/log/log.go:71","msg":"OK","serviceName":"serviceName","X-Request-Id":"2ec7cf14-228b-4233-9f76-328f0a9eb1b9"}
{"level":"info","time":"2021-10-02T12:12:55.660+0800","linenum":"/home/taodei/Desktop/http-theft-bank/log/log.go:71","msg":"309.022204ms  | 127.0.0.1    | POST /muxi/backend/computer/examination | {code: 0, message: OK}","serviceName":"serviceName"}
{"level":"info","time":"2021-10-02T12:17:38.100+0800","linenum":"/home/taodei/Desktop/http-theft-bank/log/log.go:71","msg":"Start to listening the incoming requests on http address: :8080","serviceName":"serviceName"}
{"level":"info","time":"2021-10-02T12:17:38.101+0800","linenum":"/home/taodei/Desktop/http-theft-bank/log/log.go:71","msg":"The router has been deployed successfully.","serviceName":"serviceName"}
{"level":"info","time":"2021-10-02T12:17:42.269+0800","linenum":"/home/taodei/Desktop/http-theft-bank/log/log.go:71","msg":"OK","serviceName":"serviceName","X-Request-Id":"0a9adaaa-5867-41b6-965d-f4950741bafc"}
{"level":"info","time":"2021-10-02T12:17:42.269+0800","linenum":"/home/taodei/Desktop/http-theft-bank/log/log.go:71","msg":"331.329067ms  | 127.0.0.1    | POST /muxi/backend/computer/examination | {code: 0, message: OK}","serviceName":"serviceName"}
{"level":"info","time":"2021-10-02T12:18:17.181+0800","linenum":"/home/taodei/Desktop/http-theft-bank/log/log.go:71","msg":"Start to listening the incoming requests on http address: :8080","serviceName":"serviceName"}
{"level":"info","time":"2021-10-02T12:18:17.182+0800","linenum":"/home/taodei/Desktop/http-theft-bank/log/log.go:71","msg":"The router has been deployed successfully.","serviceName":"serviceName"}
{"level":"info","time":"2021-10-02T12:18:18.868+0800","linenum":"/home/taodei/Desktop/http-theft-bank/log/log.go:71","msg":"OK","serviceName":"serviceName","X-Request-Id":"a8ada262-7c99-41ea-a71b-d10b6789670c"}
{"level":"info","time":"2021-10-02T12:18:18.868+0800","linenum":"/home/taodei/Desktop/http-theft-bank/log/log.go:71","msg":"313.974283ms  | 127.0.0.1    | POST /muxi/backend/computer/examination | {code: 0, message: OK}","serviceName":"serviceName"}
{"level":"info","time":"2021-10-02T12:24:31.023+0800","linenum":"/home/taodei/Desktop/http-theft-bank/log/log.go:71","msg":"Start to listening the incoming requests on http address: :8080","serviceName":"serviceName"}
{"level":"info","time":"2021-10-02T12:24:31.024+0800","linenum":"/home/taodei/Desktop/http-theft-bank/log/log.go:71","msg":"The router has been deployed successfully.","serviceName":"serviceName"}
{"level":"info","time":"2021-10-02T12:24:41.417+0800","linenum":"/home/taodei/Desktop/http-theft-bank/log/log.go:71","msg":"OK","serviceName":"serviceName","X-Request-Id":"04fc5eae-7934-4bdc-bc8d-2aee9eb6d261"}
{"level":"info","time":"2021-10-02T12:24:41.418+0800","linenum":"/home/taodei/Desktop/http-theft-bank/log/log.go:71","msg":"326.682489ms  | 127.0.0.1    | POST /muxi/backend/computer/examination | {code: 0, message: OK}","serviceName":"serviceName"}
{"level":"info","time":"2021-10-02T12:25:34.305+0800","linenum":"/home/taodei/Desktop/http-theft-bank/log/log.go:71","msg":"Start to listening the incoming requests on http address: :8080","serviceName":"serviceName"}
{"level":"info","time":"2021-10-02T12:25:34.306+0800","linenum":"/home/taodei/Desktop/http-theft-bank/log/log.go:71","msg":"The router has been deployed successfully.","serviceName":"serviceName"}
{"level":"info","time":"2021-10-02T12:25:35.547+0800","linenum":"/home/taodei/Desktop/http-theft-bank/log/log.go:71","msg":"OK","serviceName":"serviceName","X-Request-Id":"b2544b1e-8bd6-4694-868f-12c810a44fb6"}
{"level":"info","time":"2021-10-02T12:25:35.547+0800","linenum":"/home/taodei/Desktop/http-theft-bank/log/log.go:71","msg":"340.71508ms   | 127.0.0.1    | POST /muxi/backend/computer/examination | {code: 0, message: OK}","serviceName":"serviceName"}
{"level":"info","time":"2021-10-02T12:28:18.555+0800","linenum":"/home/taodei/Desktop/http-theft-bank/log/log.go:71","msg":"Start to listening the incoming requests on http address: :8080","serviceName":"serviceName"}
{"level":"info","time":"2021-10-02T12:28:18.555+0800","linenum":"/home/taodei/Desktop/http-theft-bank/log/log.go:71","msg":"Waiting for the router, retry in 1 second.","serviceName":"serviceName"}
{"level":"info","time":"2021-10-02T12:28:19.556+0800","linenum":"/home/taodei/Desktop/http-theft-bank/log/log.go:71","msg":"The router has been deployed successfully.","serviceName":"serviceName"}
{"level":"info","time":"2021-10-02T12:28:20.440+0800","linenum":"/home/taodei/Desktop/http-theft-bank/log/log.go:71","msg":"OK","serviceName":"serviceName","X-Request-Id":"9a4127ab-ec2f-4e64-8456-d63fe2ac2eae"}
{"level":"info","time":"2021-10-02T12:28:20.440+0800","linenum":"/home/taodei/Desktop/http-theft-bank/log/log.go:71","msg":"323.264814ms  | 127.0.0.1    | POST /muxi/backend/computer/examination | {code: 0, message: OK}","serviceName":"serviceName"}
{"level":"info","time":"2021-10-02T12:28:42.845+0800","linenum":"/home/taodei/Desktop/http-theft-bank/log/log.go:71","msg":"Start to listening the incoming requests on http address: :8080","serviceName":"serviceName"}
{"level":"info","time":"2021-10-02T12:28:42.847+0800","linenum":"/home/taodei/Desktop/http-theft-bank/log/log.go:71","msg":"The router has been deployed successfully.","serviceName":"serviceName"}
{"level":"info","time":"2021-10-02T12:28:44.184+0800","linenum":"/home/taodei/Desktop/http-theft-bank/log/log.go:71","msg":"OK","serviceName":"serviceName","X-Request-Id":"6eb2cc4a-45b7-4ff2-82b3-0a6de27ffc99"}
{"level":"info","time":"2021-10-02T12:28:44.184+0800","linenum":"/home/taodei/Desktop/http-theft-bank/log/log.go:71","msg":"354.039939ms  | 127.0.0.1    | POST /muxi/backend/computer/examination | {code: 0, message: OK}","serviceName":"serviceName"}
